<testsuites id="" name="" tests="108" failures="0" skipped="0" errors="0" time="60.775872">
<testsuite name="api-integration.spec.js" timestamp="2026-01-31T07:58:38.252Z" hostname="msedge" tests="11" failures="0" skipped="0" time="81.861" errors="0">
<testcase name="API Integration › should successfully connect to API endpoints" classname="api-integration.spec.js" time="5.3">
</testcase>
<testcase name="API Integration › should handle API response caching" classname="api-integration.spec.js" time="6.023">
</testcase>
<testcase name="API Integration › should implement API failover correctly" classname="api-integration.spec.js" time="6.323">
</testcase>
<testcase name="API Integration › should track API performance metrics" classname="api-integration.spec.js" time="6.097">
</testcase>
<testcase name="API Integration › should handle game session API calls" classname="api-integration.spec.js" time="8.592">
</testcase>
<testcase name="API Integration › should handle game decision API calls" classname="api-integration.spec.js" time="5.711">
</testcase>
<testcase name="API Integration › should handle API timeouts gracefully" classname="api-integration.spec.js" time="14.393">
</testcase>
<testcase name="API Integration › should implement proper error handling" classname="api-integration.spec.js" time="7.58">
</testcase>
<testcase name="API Integration › should validate API response data structure" classname="api-integration.spec.js" time="6.508">
</testcase>
<testcase name="API Integration › should handle concurrent API requests" classname="api-integration.spec.js" time="7.626">
</testcase>
<testcase name="API Integration › should implement proper request retries" classname="api-integration.spec.js" time="7.708">
</testcase>
</testsuite>
<testsuite name="app-load.spec.js" timestamp="2026-01-31T07:58:38.252Z" hostname="msedge" tests="10" failures="0" skipped="0" time="52.989" errors="0">
<testcase name="Application Loading › should load the main page successfully" classname="app-load.spec.js" time="5.199">
</testcase>
<testcase name="Application Loading › should hide loading screen after app loads" classname="app-load.spec.js" time="5.434">
</testcase>
<testcase name="Application Loading › should load navigation items correctly" classname="app-load.spec.js" time="5.324">
</testcase>
<testcase name="Application Loading › should handle responsive design correctly" classname="app-load.spec.js" time="6.192">
</testcase>
<testcase name="Application Loading › should initialize service worker correctly" classname="app-load.spec.js" time="5.12">
</testcase>
<testcase name="Application Loading › should handle API connectivity gracefully" classname="app-load.spec.js" time="9.32">
</testcase>
<testcase name="Application Loading › should load PWA manifest correctly" classname="app-load.spec.js" time="3.062">
</testcase>
<testcase name="Application Loading › should handle offline mode correctly" classname="app-load.spec.js" time="5.909">
</testcase>
<testcase name="Application Loading › should track performance metrics" classname="app-load.spec.js" time="3.936">
</testcase>
<testcase name="Application Loading › should handle accessibility requirements" classname="app-load.spec.js" time="3.493">
</testcase>
</testsuite>
<testsuite name="bias-diagnosis.spec.js" timestamp="2026-01-31T07:58:38.252Z" hostname="msedge" tests="3" failures="0" skipped="0" time="0.186" errors="0">
<testcase name="Cognitive trap diagnosis (API) › flags exponential misconception" classname="bias-diagnosis.spec.js" time="0.085">
</testcase>
<testcase name="Cognitive trap diagnosis (API) › flags compound interest misunderstanding (linear intuition)" classname="bias-diagnosis.spec.js" time="0.053">
</testcase>
<testcase name="Cognitive trap diagnosis (API) › flags complex system underestimation as complex_system_misunderstanding" classname="bias-diagnosis.spec.js" time="0.048">
</testcase>
</testsuite>
<testsuite name="real-app-tests-fixed-v2.spec.js" timestamp="2026-01-31T07:58:38.252Z" hostname="msedge" tests="17" failures="0" skipped="0" time="76.255" errors="0">
<testcase name="Real Application Tests - Fixed v2 › should load home page" classname="real-app-tests-fixed-v2.spec.js" time="3.742">
</testcase>
<testcase name="Real Application Tests - Fixed v2 › should navigate to scenarios page" classname="real-app-tests-fixed-v2.spec.js" time="3.841">
</testcase>
<testcase name="Real Application Tests - Fixed v2 › should navigate to about page" classname="real-app-tests-fixed-v2.spec.js" time="5.046">
</testcase>
<testcase name="Real Application Tests - Fixed v2 › should navigate to book page" classname="real-app-tests-fixed-v2.spec.js" time="4.254">
</testcase>
<testcase name="Real Application Tests - Fixed v2 › should navigate to profile page" classname="real-app-tests-fixed-v2.spec.js" time="4.67">
</testcase>
<testcase name="Real Application Tests - Fixed v2 › should display navigation menu" classname="real-app-tests-fixed-v2.spec.js" time="4.572">
</testcase>
<testcase name="Real Application Tests - Fixed v2 › should display page title" classname="real-app-tests-fixed-v2.spec.js" time="4.298">
</testcase>
<testcase name="Real Application Tests - Fixed v2 › should display brand text" classname="real-app-tests-fixed-v2.spec.js" time="4.979">
</testcase>
<testcase name="Real Application Tests - Fixed v2 › should display hero section" classname="real-app-tests-fixed-v2.spec.js" time="4.392">
</testcase>
<testcase name="Real Application Tests - Fixed v2 › should display features section" classname="real-app-tests-fixed-v2.spec.js" time="4.446">
</testcase>
<testcase name="Real Application Tests - Fixed v2 › should display stats section" classname="real-app-tests-fixed-v2.spec.js" time="4.123">
</testcase>
<testcase name="Real Application Tests - Fixed v2 › should have loading screen" classname="real-app-tests-fixed-v2.spec.js" time="4.556">
</testcase>
<testcase name="Real Application Tests - Fixed v2 › should hide loading screen after page load" classname="real-app-tests-fixed-v2.spec.js" time="5.472">
</testcase>
<testcase name="Real Application Tests - Fixed v2 › should verify service worker registration" classname="real-app-tests-fixed-v2.spec.js" time="4.613">
</testcase>
<testcase name="Real Application Tests - Fixed v2 › should verify PWA manifest" classname="real-app-tests-fixed-v2.spec.js" time="4.614">
</testcase>
<testcase name="Real Application Tests - Fixed v2 › should display hero content" classname="real-app-tests-fixed-v2.spec.js" time="4.301">
</testcase>
<testcase name="Real Application Tests - Fixed v2 › should display feature cards" classname="real-app-tests-fixed-v2.spec.js" time="4.336">
</testcase>
</testsuite>
<testsuite name="scenarios-interaction.spec.js" timestamp="2026-01-31T07:58:38.252Z" hostname="msedge" tests="13" failures="0" skipped="0" time="88.248" errors="0">
<testcase name="Scenarios Interaction › should navigate to scenarios page" classname="scenarios-interaction.spec.js" time="5.57">
</testcase>
<testcase name="Scenarios Interaction › should load scenarios from API" classname="scenarios-interaction.spec.js" time="6.239">
</testcase>
<testcase name="Scenarios Interaction › should display scenario details correctly" classname="scenarios-interaction.spec.js" time="6.139">
</testcase>
<testcase name="Scenarios Interaction › should handle scenario selection" classname="scenarios-interaction.spec.js" time="6.425">
</testcase>
<testcase name="Scenarios Interaction › should start game session correctly" classname="scenarios-interaction.spec.js" time="6.765">
</testcase>
<testcase name="Scenarios Interaction › should display game controls for each scenario" classname="scenarios-interaction.spec.js" time="7.361">
</testcase>
<testcase name="Scenarios Interaction › should handle game decision submission" classname="scenarios-interaction.spec.js" time="8.03">
</testcase>
<testcase name="Scenarios Interaction › should handle game modal interactions" classname="scenarios-interaction.spec.js" time="7.284">
</testcase>
<testcase name="Scenarios Interaction › should display appropriate loading states" classname="scenarios-interaction.spec.js" time="5.837">
</testcase>
<testcase name="Scenarios Interaction › should handle API errors gracefully" classname="scenarios-interaction.spec.js" time="9.867">
</testcase>
<testcase name="Scenarios Interaction › should track game session state" classname="scenarios-interaction.spec.js" time="6.203">
</testcase>
<testcase name="Scenarios Interaction › should provide game feedback and analysis" classname="scenarios-interaction.spec.js" time="7.053">
</testcase>
<testcase name="Scenarios Interaction › should maintain responsive design during game" classname="scenarios-interaction.spec.js" time="5.475">
</testcase>
</testsuite>
<testsuite name="api-integration.spec.js" timestamp="2026-01-31T07:58:38.252Z" hostname="Mobile Chrome" tests="11" failures="0" skipped="0" time="85.577" errors="0">
<testcase name="API Integration › should successfully connect to API endpoints" classname="api-integration.spec.js" time="5.053">
</testcase>
<testcase name="API Integration › should handle API response caching" classname="api-integration.spec.js" time="6.092">
</testcase>
<testcase name="API Integration › should implement API failover correctly" classname="api-integration.spec.js" time="5.551">
</testcase>
<testcase name="API Integration › should track API performance metrics" classname="api-integration.spec.js" time="6.437">
</testcase>
<testcase name="API Integration › should handle game session API calls" classname="api-integration.spec.js" time="8.613">
</testcase>
<testcase name="API Integration › should handle game decision API calls" classname="api-integration.spec.js" time="7.854">
</testcase>
<testcase name="API Integration › should handle API timeouts gracefully" classname="api-integration.spec.js" time="14.671">
</testcase>
<testcase name="API Integration › should implement proper error handling" classname="api-integration.spec.js" time="8.744">
</testcase>
<testcase name="API Integration › should validate API response data structure" classname="api-integration.spec.js" time="5.526">
</testcase>
<testcase name="API Integration › should handle concurrent API requests" classname="api-integration.spec.js" time="9.039">
</testcase>
<testcase name="API Integration › should implement proper request retries" classname="api-integration.spec.js" time="7.997">
</testcase>
</testsuite>
<testsuite name="app-load.spec.js" timestamp="2026-01-31T07:58:38.252Z" hostname="Mobile Chrome" tests="10" failures="0" skipped="0" time="62.675" errors="0">
<testcase name="Application Loading › should load the main page successfully" classname="app-load.spec.js" time="7.324">
</testcase>
<testcase name="Application Loading › should hide loading screen after app loads" classname="app-load.spec.js" time="7.552">
</testcase>
<testcase name="Application Loading › should load navigation items correctly" classname="app-load.spec.js" time="7.589">
</testcase>
<testcase name="Application Loading › should handle responsive design correctly" classname="app-load.spec.js" time="7.415">
</testcase>
<testcase name="Application Loading › should initialize service worker correctly" classname="app-load.spec.js" time="6.486">
</testcase>
<testcase name="Application Loading › should handle API connectivity gracefully" classname="app-load.spec.js" time="9.242">
</testcase>
<testcase name="Application Loading › should load PWA manifest correctly" classname="app-load.spec.js" time="4.077">
</testcase>
<testcase name="Application Loading › should handle offline mode correctly" classname="app-load.spec.js" time="5.57">
</testcase>
<testcase name="Application Loading › should track performance metrics" classname="app-load.spec.js" time="3.861">
</testcase>
<testcase name="Application Loading › should handle accessibility requirements" classname="app-load.spec.js" time="3.559">
</testcase>
</testsuite>
<testsuite name="bias-diagnosis.spec.js" timestamp="2026-01-31T07:58:38.252Z" hostname="Mobile Chrome" tests="3" failures="0" skipped="0" time="0.358" errors="0">
<testcase name="Cognitive trap diagnosis (API) › flags exponential misconception" classname="bias-diagnosis.spec.js" time="0.168">
</testcase>
<testcase name="Cognitive trap diagnosis (API) › flags compound interest misunderstanding (linear intuition)" classname="bias-diagnosis.spec.js" time="0.038">
</testcase>
<testcase name="Cognitive trap diagnosis (API) › flags complex system underestimation as complex_system_misunderstanding" classname="bias-diagnosis.spec.js" time="0.152">
</testcase>
</testsuite>
<testsuite name="real-app-tests-fixed-v2.spec.js" timestamp="2026-01-31T07:58:38.252Z" hostname="Mobile Chrome" tests="17" failures="0" skipped="0" time="74.527" errors="0">
<testcase name="Real Application Tests - Fixed v2 › should load home page" classname="real-app-tests-fixed-v2.spec.js" time="2.567">
</testcase>
<testcase name="Real Application Tests - Fixed v2 › should navigate to scenarios page" classname="real-app-tests-fixed-v2.spec.js" time="3.72">
</testcase>
<testcase name="Real Application Tests - Fixed v2 › should navigate to about page" classname="real-app-tests-fixed-v2.spec.js" time="4.444">
</testcase>
<testcase name="Real Application Tests - Fixed v2 › should navigate to book page" classname="real-app-tests-fixed-v2.spec.js" time="4.418">
</testcase>
<testcase name="Real Application Tests - Fixed v2 › should navigate to profile page" classname="real-app-tests-fixed-v2.spec.js" time="4.395">
</testcase>
<testcase name="Real Application Tests - Fixed v2 › should display navigation menu" classname="real-app-tests-fixed-v2.spec.js" time="4.563">
</testcase>
<testcase name="Real Application Tests - Fixed v2 › should display page title" classname="real-app-tests-fixed-v2.spec.js" time="4.558">
</testcase>
<testcase name="Real Application Tests - Fixed v2 › should display brand text" classname="real-app-tests-fixed-v2.spec.js" time="4.071">
</testcase>
<testcase name="Real Application Tests - Fixed v2 › should display hero section" classname="real-app-tests-fixed-v2.spec.js" time="5.088">
</testcase>
<testcase name="Real Application Tests - Fixed v2 › should display features section" classname="real-app-tests-fixed-v2.spec.js" time="4.894">
</testcase>
<testcase name="Real Application Tests - Fixed v2 › should display stats section" classname="real-app-tests-fixed-v2.spec.js" time="4.636">
</testcase>
<testcase name="Real Application Tests - Fixed v2 › should have loading screen" classname="real-app-tests-fixed-v2.spec.js" time="4.465">
</testcase>
<testcase name="Real Application Tests - Fixed v2 › should hide loading screen after page load" classname="real-app-tests-fixed-v2.spec.js" time="7.094">
</testcase>
<testcase name="Real Application Tests - Fixed v2 › should verify service worker registration" classname="real-app-tests-fixed-v2.spec.js" time="4.108">
</testcase>
<testcase name="Real Application Tests - Fixed v2 › should verify PWA manifest" classname="real-app-tests-fixed-v2.spec.js" time="4.077">
</testcase>
<testcase name="Real Application Tests - Fixed v2 › should display hero content" classname="real-app-tests-fixed-v2.spec.js" time="3.814">
</testcase>
<testcase name="Real Application Tests - Fixed v2 › should display feature cards" classname="real-app-tests-fixed-v2.spec.js" time="3.615">
</testcase>
</testsuite>
<testsuite name="scenarios-interaction.spec.js" timestamp="2026-01-31T07:58:38.252Z" hostname="Mobile Chrome" tests="13" failures="0" skipped="0" time="96.696" errors="0">
<testcase name="Scenarios Interaction › should navigate to scenarios page" classname="scenarios-interaction.spec.js" time="4.414">
</testcase>
<testcase name="Scenarios Interaction › should load scenarios from API" classname="scenarios-interaction.spec.js" time="6.804">
</testcase>
<testcase name="Scenarios Interaction › should display scenario details correctly" classname="scenarios-interaction.spec.js" time="6.158">
</testcase>
<testcase name="Scenarios Interaction › should handle scenario selection" classname="scenarios-interaction.spec.js" time="7.996">
</testcase>
<testcase name="Scenarios Interaction › should start game session correctly" classname="scenarios-interaction.spec.js" time="8.021">
</testcase>
<testcase name="Scenarios Interaction › should display game controls for each scenario" classname="scenarios-interaction.spec.js" time="7.603">
</testcase>
<testcase name="Scenarios Interaction › should handle game decision submission" classname="scenarios-interaction.spec.js" time="8.192">
</testcase>
<testcase name="Scenarios Interaction › should handle game modal interactions" classname="scenarios-interaction.spec.js" time="7.979">
</testcase>
<testcase name="Scenarios Interaction › should display appropriate loading states" classname="scenarios-interaction.spec.js" time="6.555">
</testcase>
<testcase name="Scenarios Interaction › should handle API errors gracefully" classname="scenarios-interaction.spec.js" time="9.395">
</testcase>
<testcase name="Scenarios Interaction › should track game session state" classname="scenarios-interaction.spec.js" time="7.491">
</testcase>
<testcase name="Scenarios Interaction › should provide game feedback and analysis" classname="scenarios-interaction.spec.js" time="8.352">
</testcase>
<testcase name="Scenarios Interaction › should maintain responsive design during game" classname="scenarios-interaction.spec.js" time="7.736">
</testcase>
</testsuite>
</testsuites>