<testsuites id="" name="" tests="74" failures="62" skipped="0" errors="0" time="321.670147">
<testsuite name="api-integration.spec.js" timestamp="2025-12-13T11:43:48.247Z" hostname="msedge" tests="11" failures="11" skipped="0" time="300.78" errors="0">
<testcase name="API Integration › should successfully connect to API endpoints" classname="api-integration.spec.js" time="29.924">
<failure message="api-integration.spec.js:14:7 should successfully connect to API endpoints" type="FAILURE">
<![CDATA[  [msedge] › api-integration.spec.js:14:7 › API Integration › should successfully connect to API endpoints 

    TimeoutError: page.waitForSelector: Timeout 10000ms exceeded.
    Call log:
      - waiting for locator('.scenario-card') to be visible


      27 |     // Navigate to scenarios to trigger API calls
      28 |     await page.click('[data-page="scenarios"]');
    > 29 |     await page.waitForSelector('.scenario-card', { state: 'visible' });
         |                ^
      30 |
      31 |     // Verify API responses
      32 |     expect(apiResponses.length).toBeGreaterThan(0);
        at D:\AIDevelop\failureLogic\tests\e2e\api-integration.spec.js:29:16

    attachment #1: screenshot (image/png) ──────────────────────────────────────────────────────────
    ..\test-results\api-integration-API-Integr-9e48c-ly-connect-to-API-endpoints-msedge\test-failed-1.png
    ────────────────────────────────────────────────────────────────────────────────────────────────

    attachment #2: video (video/webm) ──────────────────────────────────────────────────────────────
    ..\test-results\api-integration-API-Integr-9e48c-ly-connect-to-API-endpoints-msedge\video.webm
    ────────────────────────────────────────────────────────────────────────────────────────────────

    Error Context: ..\test-results\api-integration-API-Integr-9e48c-ly-connect-to-API-endpoints-msedge\error-context.md
]]>
</failure>
<system-out>
<![CDATA[
[[ATTACHMENT|test-results\api-integration-API-Integr-9e48c-ly-connect-to-API-endpoints-msedge\test-failed-1.png]]

[[ATTACHMENT|test-results\api-integration-API-Integr-9e48c-ly-connect-to-API-endpoints-msedge\video.webm]]

[[ATTACHMENT|test-results\api-integration-API-Integr-9e48c-ly-connect-to-API-endpoints-msedge\error-context.md]]
]]>
</system-out>
</testcase>
<testcase name="API Integration › should handle API response caching" classname="api-integration.spec.js" time="29.055">
<failure message="api-integration.spec.js:39:7 should handle API response caching" type="FAILURE">
<![CDATA[  [msedge] › api-integration.spec.js:39:7 › API Integration › should handle API response caching ───

    TimeoutError: page.waitForSelector: Timeout 10000ms exceeded.
    Call log:
      - waiting for locator('.scenario-card') to be visible


      47 |     // Navigate to scenarios twice
      48 |     await page.click('[data-page="scenarios"]');
    > 49 |     await page.waitForSelector('.scenario-card', { state: 'visible' });
         |                ^
      50 |
      51 |     // Navigate away and back
      52 |     await page.click('[data-page="home"]');
        at D:\AIDevelop\failureLogic\tests\e2e\api-integration.spec.js:49:16

    attachment #1: screenshot (image/png) ──────────────────────────────────────────────────────────
    ..\test-results\api-integration-API-Integr-73696-handle-API-response-caching-msedge\test-failed-1.png
    ────────────────────────────────────────────────────────────────────────────────────────────────

    attachment #2: video (video/webm) ──────────────────────────────────────────────────────────────
    ..\test-results\api-integration-API-Integr-73696-handle-API-response-caching-msedge\video.webm
    ────────────────────────────────────────────────────────────────────────────────────────────────

    Error Context: ..\test-results\api-integration-API-Integr-73696-handle-API-response-caching-msedge\error-context.md
]]>
</failure>
<system-out>
<![CDATA[
[[ATTACHMENT|test-results\api-integration-API-Integr-73696-handle-API-response-caching-msedge\test-failed-1.png]]

[[ATTACHMENT|test-results\api-integration-API-Integr-73696-handle-API-response-caching-msedge\video.webm]]

[[ATTACHMENT|test-results\api-integration-API-Integr-73696-handle-API-response-caching-msedge\error-context.md]]
]]>
</system-out>
</testcase>
<testcase name="API Integration › should implement API failover correctly" classname="api-integration.spec.js" time="28.484">
<failure message="api-integration.spec.js:64:7 should implement API failover correctly" type="FAILURE">
<![CDATA[  [msedge] › api-integration.spec.js:64:7 › API Integration › should implement API failover correctly 

    TimeoutError: page.waitForSelector: Timeout 10000ms exceeded.
    Call log:
      - waiting for locator('.scenario-card') to be visible


      82 |     // Navigate to scenarios
      83 |     await page.click('[data-page="scenarios"]');
    > 84 |     await page.waitForSelector('.scenario-card', { state: 'visible' });
         |                ^
      85 |
      86 |     // Should eventually succeed with fallback API or mock data
      87 |     expect(await page.locator('.scenario-card').count()).toBeGreaterThan(0);
        at D:\AIDevelop\failureLogic\tests\e2e\api-integration.spec.js:84:16

    attachment #1: screenshot (image/png) ──────────────────────────────────────────────────────────
    ..\test-results\api-integration-API-Integr-885ec-ment-API-failover-correctly-msedge\test-failed-1.png
    ────────────────────────────────────────────────────────────────────────────────────────────────

    attachment #2: video (video/webm) ──────────────────────────────────────────────────────────────
    ..\test-results\api-integration-API-Integr-885ec-ment-API-failover-correctly-msedge\video.webm
    ────────────────────────────────────────────────────────────────────────────────────────────────

    Error Context: ..\test-results\api-integration-API-Integr-885ec-ment-API-failover-correctly-msedge\error-context.md
]]>
</failure>
<system-out>
<![CDATA[
[[ATTACHMENT|test-results\api-integration-API-Integr-885ec-ment-API-failover-correctly-msedge\test-failed-1.png]]

[[ATTACHMENT|test-results\api-integration-API-Integr-885ec-ment-API-failover-correctly-msedge\video.webm]]

[[ATTACHMENT|test-results\api-integration-API-Integr-885ec-ment-API-failover-correctly-msedge\error-context.md]]
]]>
</system-out>
</testcase>
<testcase name="API Integration › should track API performance metrics" classname="api-integration.spec.js" time="30.784">
<failure message="api-integration.spec.js:90:7 should track API performance metrics" type="FAILURE">
<![CDATA[  [msedge] › api-integration.spec.js:90:7 › API Integration › should track API performance metrics ─

    TimeoutError: page.waitForSelector: Timeout 10000ms exceeded.
    Call log:
      - waiting for locator('.scenario-card') to be visible


      90 |   test('should track API performance metrics', async ({ page }) => {
      91 |     await page.click('[data-page="scenarios"]');
    > 92 |     await page.waitForSelector('.scenario-card', { state: 'visible' });
         |                ^
      93 |
      94 |     // Get API metrics
      95 |     const metrics = await page.evaluate(() => {
        at D:\AIDevelop\failureLogic\tests\e2e\api-integration.spec.js:92:16

    attachment #1: screenshot (image/png) ──────────────────────────────────────────────────────────
    ..\test-results\api-integration-API-Integr-744de-ack-API-performance-metrics-msedge\test-failed-1.png
    ────────────────────────────────────────────────────────────────────────────────────────────────

    attachment #2: video (video/webm) ──────────────────────────────────────────────────────────────
    ..\test-results\api-integration-API-Integr-744de-ack-API-performance-metrics-msedge\video.webm
    ────────────────────────────────────────────────────────────────────────────────────────────────

    Error Context: ..\test-results\api-integration-API-Integr-744de-ack-API-performance-metrics-msedge\error-context.md
]]>
</failure>
<system-out>
<![CDATA[
[[ATTACHMENT|test-results\api-integration-API-Integr-744de-ack-API-performance-metrics-msedge\test-failed-1.png]]

[[ATTACHMENT|test-results\api-integration-API-Integr-744de-ack-API-performance-metrics-msedge\video.webm]]

[[ATTACHMENT|test-results\api-integration-API-Integr-744de-ack-API-performance-metrics-msedge\error-context.md]]
]]>
</system-out>
</testcase>
<testcase name="API Integration › should handle game session API calls" classname="api-integration.spec.js" time="34.95">
<failure message="api-integration.spec.js:108:7 should handle game session API calls" type="FAILURE">
<![CDATA[  [msedge] › api-integration.spec.js:108:7 › API Integration › should handle game session API calls 

    TimeoutError: page.waitForSelector: Timeout 10000ms exceeded.
    Call log:
      - waiting for locator('.scenario-card') to be visible


      108 |   test('should handle game session API calls', async ({ page }) => {
      109 |     await page.click('[data-page="scenarios"]');
    > 110 |     await page.waitForSelector('.scenario-card', { state: 'visible' });
          |                ^
      111 |
      112 |     // Monitor API requests
      113 |     const apiRequests = [];
        at D:\AIDevelop\failureLogic\tests\e2e\api-integration.spec.js:110:16

    attachment #1: screenshot (image/png) ──────────────────────────────────────────────────────────
    ..\test-results\api-integration-API-Integr-d1e55-ndle-game-session-API-calls-msedge\test-failed-1.png
    ────────────────────────────────────────────────────────────────────────────────────────────────

    attachment #2: video (video/webm) ──────────────────────────────────────────────────────────────
    ..\test-results\api-integration-API-Integr-d1e55-ndle-game-session-API-calls-msedge\video.webm
    ────────────────────────────────────────────────────────────────────────────────────────────────

    Error Context: ..\test-results\api-integration-API-Integr-d1e55-ndle-game-session-API-calls-msedge\error-context.md
]]>
</failure>
<system-out>
<![CDATA[
[[ATTACHMENT|test-results\api-integration-API-Integr-d1e55-ndle-game-session-API-calls-msedge\test-failed-1.png]]

[[ATTACHMENT|test-results\api-integration-API-Integr-d1e55-ndle-game-session-API-calls-msedge\video.webm]]

[[ATTACHMENT|test-results\api-integration-API-Integr-d1e55-ndle-game-session-API-calls-msedge\error-context.md]]
]]>
</system-out>
</testcase>
<testcase name="API Integration › should handle game decision API calls" classname="api-integration.spec.js" time="24.727">
<failure message="api-integration.spec.js:134:7 should handle game decision API calls" type="FAILURE">
<![CDATA[  [msedge] › api-integration.spec.js:134:7 › API Integration › should handle game decision API calls 

    TimeoutError: page.waitForSelector: Timeout 10000ms exceeded.
    Call log:
      - waiting for locator('.scenario-card') to be visible


      134 |   test('should handle game decision API calls', async ({ page }) => {
      135 |     await page.click('[data-page="scenarios"]');
    > 136 |     await page.waitForSelector('.scenario-card', { state: 'visible' });
          |                ^
      137 |
      138 |     // Start a game
      139 |     const firstScenario = page.locator('.scenario-card').first();
        at D:\AIDevelop\failureLogic\tests\e2e\api-integration.spec.js:136:16

    attachment #1: screenshot (image/png) ──────────────────────────────────────────────────────────
    ..\test-results\api-integration-API-Integr-0fe7e-dle-game-decision-API-calls-msedge\test-failed-1.png
    ────────────────────────────────────────────────────────────────────────────────────────────────

    attachment #2: video (video/webm) ──────────────────────────────────────────────────────────────
    ..\test-results\api-integration-API-Integr-0fe7e-dle-game-decision-API-calls-msedge\video.webm
    ────────────────────────────────────────────────────────────────────────────────────────────────

    Error Context: ..\test-results\api-integration-API-Integr-0fe7e-dle-game-decision-API-calls-msedge\error-context.md
]]>
</failure>
<system-out>
<![CDATA[
[[ATTACHMENT|test-results\api-integration-API-Integr-0fe7e-dle-game-decision-API-calls-msedge\test-failed-1.png]]

[[ATTACHMENT|test-results\api-integration-API-Integr-0fe7e-dle-game-decision-API-calls-msedge\video.webm]]

[[ATTACHMENT|test-results\api-integration-API-Integr-0fe7e-dle-game-decision-API-calls-msedge\error-context.md]]
]]>
</system-out>
</testcase>
<testcase name="API Integration › should handle API timeouts gracefully" classname="api-integration.spec.js" time="28.408">
<failure message="api-integration.spec.js:164:7 should handle API timeouts gracefully" type="FAILURE">
<![CDATA[  [msedge] › api-integration.spec.js:164:7 › API Integration › should handle API timeouts gracefully 

    Error: expect(received).toBeTruthy()

    Received: false

      180 |                       await page.locator('text=加载失败').isVisible();
      181 |
    > 182 |     expect(hasContent).toBeTruthy();
          |                        ^
      183 |   });
      184 |
      185 |   test('should implement proper error handling', async ({ page }) => {
        at D:\AIDevelop\failureLogic\tests\e2e\api-integration.spec.js:182:24

    attachment #1: screenshot (image/png) ──────────────────────────────────────────────────────────
    ..\test-results\api-integration-API-Integr-a9a5b-dle-API-timeouts-gracefully-msedge\test-failed-1.png
    ────────────────────────────────────────────────────────────────────────────────────────────────

    attachment #2: video (video/webm) ──────────────────────────────────────────────────────────────
    ..\test-results\api-integration-API-Integr-a9a5b-dle-API-timeouts-gracefully-msedge\video.webm
    ────────────────────────────────────────────────────────────────────────────────────────────────

    Error Context: ..\test-results\api-integration-API-Integr-a9a5b-dle-API-timeouts-gracefully-msedge\error-context.md
]]>
</failure>
<system-out>
<![CDATA[
[[ATTACHMENT|test-results\api-integration-API-Integr-a9a5b-dle-API-timeouts-gracefully-msedge\test-failed-1.png]]

[[ATTACHMENT|test-results\api-integration-API-Integr-a9a5b-dle-API-timeouts-gracefully-msedge\video.webm]]

[[ATTACHMENT|test-results\api-integration-API-Integr-a9a5b-dle-API-timeouts-gracefully-msedge\error-context.md]]
]]>
</system-out>
</testcase>
<testcase name="API Integration › should implement proper error handling" classname="api-integration.spec.js" time="17.546">
<failure message="api-integration.spec.js:185:7 should implement proper error handling" type="FAILURE">
<![CDATA[  [msedge] › api-integration.spec.js:185:7 › API Integration › should implement proper error handling 

    Error: expect(locator).toBeVisible() failed

    Locator:  locator('#scenarios-page')
    Expected: visible
    Received: hidden
    Timeout:  5000ms

    Call log:
      - Expect "toBeVisible" with timeout 5000ms
      - waiting for locator('#scenarios-page')
        9 × locator resolved to <div class="page" id="scenarios-page">…</div>
          - unexpected value "hidden"


      196 |
      197 |     // Should handle error gracefully
    > 198 |     await expect(page.locator('#scenarios-page')).toBeVisible();
          |                                                   ^
      199 |
      200 |     // Should not show loading state indefinitely
      201 |     await page.waitForTimeout(3000);
        at D:\AIDevelop\failureLogic\tests\e2e\api-integration.spec.js:198:51

    attachment #1: screenshot (image/png) ──────────────────────────────────────────────────────────
    ..\test-results\api-integration-API-Integr-064d1-ement-proper-error-handling-msedge\test-failed-1.png
    ────────────────────────────────────────────────────────────────────────────────────────────────

    attachment #2: video (video/webm) ──────────────────────────────────────────────────────────────
    ..\test-results\api-integration-API-Integr-064d1-ement-proper-error-handling-msedge\video.webm
    ────────────────────────────────────────────────────────────────────────────────────────────────

    Error Context: ..\test-results\api-integration-API-Integr-064d1-ement-proper-error-handling-msedge\error-context.md
]]>
</failure>
<system-out>
<![CDATA[
[[ATTACHMENT|test-results\api-integration-API-Integr-064d1-ement-proper-error-handling-msedge\test-failed-1.png]]

[[ATTACHMENT|test-results\api-integration-API-Integr-064d1-ement-proper-error-handling-msedge\video.webm]]

[[ATTACHMENT|test-results\api-integration-API-Integr-064d1-ement-proper-error-handling-msedge\error-context.md]]
]]>
</system-out>
</testcase>
<testcase name="API Integration › should validate API response data structure" classname="api-integration.spec.js" time="31.777">
<failure message="api-integration.spec.js:206:7 should validate API response data structure" type="FAILURE">
<![CDATA[  [msedge] › api-integration.spec.js:206:7 › API Integration › should validate API response data structure 

    TimeoutError: page.waitForSelector: Timeout 10000ms exceeded.
    Call log:
      - waiting for locator('.scenario-card') to be visible


      206 |   test('should validate API response data structure', async ({ page }) => {
      207 |     await page.click('[data-page="scenarios"]');
    > 208 |     await page.waitForSelector('.scenario-card', { state: 'visible' });
          |                ^
      209 |
      210 |     // Get API response data
      211 |     const scenariosData = await page.evaluate(async () => {
        at D:\AIDevelop\failureLogic\tests\e2e\api-integration.spec.js:208:16

    attachment #1: screenshot (image/png) ──────────────────────────────────────────────────────────
    ..\test-results\api-integration-API-Integr-6bf90-API-response-data-structure-msedge\test-failed-1.png
    ────────────────────────────────────────────────────────────────────────────────────────────────

    attachment #2: video (video/webm) ──────────────────────────────────────────────────────────────
    ..\test-results\api-integration-API-Integr-6bf90-API-response-data-structure-msedge\video.webm
    ────────────────────────────────────────────────────────────────────────────────────────────────

    Error Context: ..\test-results\api-integration-API-Integr-6bf90-API-response-data-structure-msedge\error-context.md
]]>
</failure>
<system-out>
<![CDATA[
[[ATTACHMENT|test-results\api-integration-API-Integr-6bf90-API-response-data-structure-msedge\test-failed-1.png]]

[[ATTACHMENT|test-results\api-integration-API-Integr-6bf90-API-response-data-structure-msedge\video.webm]]

[[ATTACHMENT|test-results\api-integration-API-Integr-6bf90-API-response-data-structure-msedge\error-context.md]]
]]>
</system-out>
</testcase>
<testcase name="API Integration › should handle concurrent API requests" classname="api-integration.spec.js" time="21.965">
<failure message="api-integration.spec.js:237:7 should handle concurrent API requests" type="FAILURE">
<![CDATA[  [msedge] › api-integration.spec.js:237:7 › API Integration › should handle concurrent API requests 

    TimeoutError: page.click: Timeout 10000ms exceeded.
    Call log:
      - waiting for locator('[data-page="progress"]')


      239 |     await Promise.all([
      240 |       page.click('[data-page="scenarios"]'),
    > 241 |       page.click('[data-page="progress"]'),
          |            ^
      242 |       page.click('[data-page="scenarios"]')
      243 |     ]);
      244 |
        at D:\AIDevelop\failureLogic\tests\e2e\api-integration.spec.js:241:12

    attachment #1: screenshot (image/png) ──────────────────────────────────────────────────────────
    ..\test-results\api-integration-API-Integr-42d83-dle-concurrent-API-requests-msedge\test-failed-1.png
    ────────────────────────────────────────────────────────────────────────────────────────────────

    attachment #2: video (video/webm) ──────────────────────────────────────────────────────────────
    ..\test-results\api-integration-API-Integr-42d83-dle-concurrent-API-requests-msedge\video.webm
    ────────────────────────────────────────────────────────────────────────────────────────────────

    Error Context: ..\test-results\api-integration-API-Integr-42d83-dle-concurrent-API-requests-msedge\error-context.md
]]>
</failure>
<system-out>
<![CDATA[
[[ATTACHMENT|test-results\api-integration-API-Integr-42d83-dle-concurrent-API-requests-msedge\test-failed-1.png]]

[[ATTACHMENT|test-results\api-integration-API-Integr-42d83-dle-concurrent-API-requests-msedge\video.webm]]

[[ATTACHMENT|test-results\api-integration-API-Integr-42d83-dle-concurrent-API-requests-msedge\error-context.md]]
]]>
</system-out>
</testcase>
<testcase name="API Integration › should implement proper request retries" classname="api-integration.spec.js" time="23.16">
<failure message="api-integration.spec.js:250:7 should implement proper request retries" type="FAILURE">
<![CDATA[  [msedge] › api-integration.spec.js:250:7 › API Integration › should implement proper request retries 

    TimeoutError: page.waitForSelector: Timeout 10000ms exceeded.
    Call log:
      - waiting for locator('.scenario-card') to be visible


      277 |
      278 |     // Should eventually succeed after retries
    > 279 |     await page.waitForSelector('.scenario-card', { state: 'visible' });
          |                ^
      280 |     expect(requestCount).toBeGreaterThan(2);
      281 |   });
      282 | });
        at D:\AIDevelop\failureLogic\tests\e2e\api-integration.spec.js:279:16

    attachment #1: screenshot (image/png) ──────────────────────────────────────────────────────────
    ..\test-results\api-integration-API-Integr-dfd18-ment-proper-request-retries-msedge\test-failed-1.png
    ────────────────────────────────────────────────────────────────────────────────────────────────

    attachment #2: video (video/webm) ──────────────────────────────────────────────────────────────
    ..\test-results\api-integration-API-Integr-dfd18-ment-proper-request-retries-msedge\video.webm
    ────────────────────────────────────────────────────────────────────────────────────────────────

    Error Context: ..\test-results\api-integration-API-Integr-dfd18-ment-proper-request-retries-msedge\error-context.md
]]>
</failure>
<system-out>
<![CDATA[
[[ATTACHMENT|test-results\api-integration-API-Integr-dfd18-ment-proper-request-retries-msedge\test-failed-1.png]]

[[ATTACHMENT|test-results\api-integration-API-Integr-dfd18-ment-proper-request-retries-msedge\video.webm]]

[[ATTACHMENT|test-results\api-integration-API-Integr-dfd18-ment-proper-request-retries-msedge\error-context.md]]
]]>
</system-out>
</testcase>
</testsuite>
<testsuite name="app-load.spec.js" timestamp="2025-12-13T11:43:48.247Z" hostname="msedge" tests="10" failures="7" skipped="0" time="276.548" errors="0">
<testcase name="Application Loading › should load the main page successfully" classname="app-load.spec.js" time="30.013">
</testcase>
<testcase name="Application Loading › should hide loading screen after app loads" classname="app-load.spec.js" time="16.825">
<failure message="app-load.spec.js:46:7 should hide loading screen after app loads" type="FAILURE">
<![CDATA[  [msedge] › app-load.spec.js:46:7 › Application Loading › should hide loading screen after app loads 

    Error: expect(locator).toBeVisible() failed

    Locator:  locator('#loading-screen')
    Expected: visible
    Received: hidden
    Timeout:  5000ms

    Call log:
      - Expect "toBeVisible" with timeout 5000ms
      - waiting for locator('#loading-screen')
        8 × locator resolved to <div id="loading-screen" class="loading-screen">…</div>
          - unexpected value "hidden"


      48 |
      49 |     // Loading screen should be visible initially
    > 50 |     await expect(page.locator('#loading-screen')).toBeVisible();
         |                                                   ^
      51 |
      52 |     // Loading screen should be hidden after app loads
      53 |     await page.waitForSelector('#loading-screen', { state: 'hidden' });
        at D:\AIDevelop\failureLogic\tests\e2e\app-load.spec.js:50:51

    attachment #1: screenshot (image/png) ──────────────────────────────────────────────────────────
    ..\test-results\app-load-Application-Loadi-7048d-ding-screen-after-app-loads-msedge\test-failed-1.png
    ────────────────────────────────────────────────────────────────────────────────────────────────

    attachment #2: video (video/webm) ──────────────────────────────────────────────────────────────
    ..\test-results\app-load-Application-Loadi-7048d-ding-screen-after-app-loads-msedge\video.webm
    ────────────────────────────────────────────────────────────────────────────────────────────────

    Error Context: ..\test-results\app-load-Application-Loadi-7048d-ding-screen-after-app-loads-msedge\error-context.md
]]>
</failure>
<system-out>
<![CDATA[
[[ATTACHMENT|test-results\app-load-Application-Loadi-7048d-ding-screen-after-app-loads-msedge\test-failed-1.png]]

[[ATTACHMENT|test-results\app-load-Application-Loadi-7048d-ding-screen-after-app-loads-msedge\video.webm]]

[[ATTACHMENT|test-results\app-load-Application-Loadi-7048d-ding-screen-after-app-loads-msedge\error-context.md]]
]]>
</system-out>
</testcase>
<testcase name="Application Loading › should load navigation items correctly" classname="app-load.spec.js" time="17.967">
<failure message="app-load.spec.js:57:7 should load navigation items correctly" type="FAILURE">
<![CDATA[  [msedge] › app-load.spec.js:57:7 › Application Loading › should load navigation items correctly ──

    Error: expect(locator).toHaveCount(expected) failed

    Locator:  locator('.nav-item')
    Expected: 8
    Received: 6
    Timeout:  5000ms

    Call log:
      - Expect "toHaveCount" with timeout 5000ms
      - waiting for locator('.nav-item')
        8 × locator resolved to 6 elements
          - unexpected value "6"


      63 |     // Verify all navigation items are present
      64 |     const navItems = page.locator('.nav-item');
    > 65 |     await expect(navItems).toHaveCount(8); // All navigation items
         |                            ^
      66 |
      67 |     // Verify specific navigation items
      68 |     await expect(page.locator('[data-page="home"]')).toBeVisible();
        at D:\AIDevelop\failureLogic\tests\e2e\app-load.spec.js:65:28

    attachment #1: screenshot (image/png) ──────────────────────────────────────────────────────────
    ..\test-results\app-load-Application-Loadi-0390c--navigation-items-correctly-msedge\test-failed-1.png
    ────────────────────────────────────────────────────────────────────────────────────────────────

    attachment #2: video (video/webm) ──────────────────────────────────────────────────────────────
    ..\test-results\app-load-Application-Loadi-0390c--navigation-items-correctly-msedge\video.webm
    ────────────────────────────────────────────────────────────────────────────────────────────────

    Error Context: ..\test-results\app-load-Application-Loadi-0390c--navigation-items-correctly-msedge\error-context.md
]]>
</failure>
<system-out>
<![CDATA[
[[ATTACHMENT|test-results\app-load-Application-Loadi-0390c--navigation-items-correctly-msedge\test-failed-1.png]]

[[ATTACHMENT|test-results\app-load-Application-Loadi-0390c--navigation-items-correctly-msedge\video.webm]]

[[ATTACHMENT|test-results\app-load-Application-Loadi-0390c--navigation-items-correctly-msedge\error-context.md]]
]]>
</system-out>
</testcase>
<testcase name="Application Loading › should handle responsive design correctly" classname="app-load.spec.js" time="30.733">
</testcase>
<testcase name="Application Loading › should initialize service worker correctly" classname="app-load.spec.js" time="60.903">
<failure message="app-load.spec.js:89:7 should initialize service worker correctly" type="FAILURE">
<![CDATA[  [msedge] › app-load.spec.js:89:7 › Application Loading › should initialize service worker correctly 

    Test timeout of 60000ms exceeded.

    Error: page.evaluate: Test timeout of 60000ms exceeded.

      91 |
      92 |     // Wait for service worker registration
    > 93 |     const swRegistration = await page.evaluate(() => {
         |                                       ^
      94 |       return navigator.serviceWorker.ready;
      95 |     });
      96 |
        at D:\AIDevelop\failureLogic\tests\e2e\app-load.spec.js:93:39

    attachment #1: screenshot (image/png) ──────────────────────────────────────────────────────────
    ..\test-results\app-load-Application-Loadi-2729b-ze-service-worker-correctly-msedge\test-failed-1.png
    ────────────────────────────────────────────────────────────────────────────────────────────────

    attachment #2: video (video/webm) ──────────────────────────────────────────────────────────────
    ..\test-results\app-load-Application-Loadi-2729b-ze-service-worker-correctly-msedge\video.webm
    ────────────────────────────────────────────────────────────────────────────────────────────────

    Error Context: ..\test-results\app-load-Application-Loadi-2729b-ze-service-worker-correctly-msedge\error-context.md
]]>
</failure>
<system-out>
<![CDATA[
[[ATTACHMENT|test-results\app-load-Application-Loadi-2729b-ze-service-worker-correctly-msedge\test-failed-1.png]]

[[ATTACHMENT|test-results\app-load-Application-Loadi-2729b-ze-service-worker-correctly-msedge\video.webm]]

[[ATTACHMENT|test-results\app-load-Application-Loadi-2729b-ze-service-worker-correctly-msedge\error-context.md]]
]]>
</system-out>
</testcase>
<testcase name="Application Loading › should handle API connectivity gracefully" classname="app-load.spec.js" time="27.868">
<failure message="app-load.spec.js:107:7 should handle API connectivity gracefully" type="FAILURE">
<![CDATA[  [msedge] › app-load.spec.js:107:7 › Application Loading › should handle API connectivity gracefully 

    Error: expect(locator).toBeVisible() failed

    Locator:  locator('#scenarios-page')
    Expected: visible
    Received: hidden
    Timeout:  5000ms

    Call log:
      - Expect "toBeVisible" with timeout 5000ms
      - waiting for locator('#scenarios-page')
        9 × locator resolved to <div class="page" id="scenarios-page">…</div>
          - unexpected value "hidden"


      115 |
      116 |     // Should show fallback content or error message
    > 117 |     await expect(page.locator('#scenarios-page')).toBeVisible();
          |                                                   ^
      118 |
      119 |     // Should not show loading state indefinitely
      120 |     await page.waitForTimeout(5000);
        at D:\AIDevelop\failureLogic\tests\e2e\app-load.spec.js:117:51

    attachment #1: screenshot (image/png) ──────────────────────────────────────────────────────────
    ..\test-results\app-load-Application-Loadi-a8757-API-connectivity-gracefully-msedge\test-failed-1.png
    ────────────────────────────────────────────────────────────────────────────────────────────────

    attachment #2: video (video/webm) ──────────────────────────────────────────────────────────────
    ..\test-results\app-load-Application-Loadi-a8757-API-connectivity-gracefully-msedge\video.webm
    ────────────────────────────────────────────────────────────────────────────────────────────────

    Error Context: ..\test-results\app-load-Application-Loadi-a8757-API-connectivity-gracefully-msedge\error-context.md
]]>
</failure>
<system-out>
<![CDATA[
[[ATTACHMENT|test-results\app-load-Application-Loadi-a8757-API-connectivity-gracefully-msedge\test-failed-1.png]]

[[ATTACHMENT|test-results\app-load-Application-Loadi-a8757-API-connectivity-gracefully-msedge\video.webm]]

[[ATTACHMENT|test-results\app-load-Application-Loadi-a8757-API-connectivity-gracefully-msedge\error-context.md]]
]]>
</system-out>
</testcase>
<testcase name="Application Loading › should load PWA manifest correctly" classname="app-load.spec.js" time="21.166">
<failure message="app-load.spec.js:126:7 should load PWA manifest correctly" type="FAILURE">
<![CDATA[  [msedge] › app-load.spec.js:126:7 › Application Loading › should load PWA manifest correctly ─────

    Error: toBeOK can be only used with APIResponse object

      126 |   test('should load PWA manifest correctly', async ({ page }) => {
      127 |     const response = await page.goto('/');
    > 128 |     expect(response).toBeOK();
          |                      ^
      129 |
      130 |     // Check if manifest link is present
      131 |     const manifestLink = await page.locator('link[rel="manifest"]');
        at D:\AIDevelop\failureLogic\tests\e2e\app-load.spec.js:128:22

    attachment #1: screenshot (image/png) ──────────────────────────────────────────────────────────
    ..\test-results\app-load-Application-Loadi-e9db3-load-PWA-manifest-correctly-msedge\test-failed-1.png
    ────────────────────────────────────────────────────────────────────────────────────────────────

    attachment #2: video (video/webm) ──────────────────────────────────────────────────────────────
    ..\test-results\app-load-Application-Loadi-e9db3-load-PWA-manifest-correctly-msedge\video.webm
    ────────────────────────────────────────────────────────────────────────────────────────────────

    Error Context: ..\test-results\app-load-Application-Loadi-e9db3-load-PWA-manifest-correctly-msedge\error-context.md
]]>
</failure>
<system-out>
<![CDATA[
[[ATTACHMENT|test-results\app-load-Application-Loadi-e9db3-load-PWA-manifest-correctly-msedge\test-failed-1.png]]

[[ATTACHMENT|test-results\app-load-Application-Loadi-e9db3-load-PWA-manifest-correctly-msedge\video.webm]]

[[ATTACHMENT|test-results\app-load-Application-Loadi-e9db3-load-PWA-manifest-correctly-msedge\error-context.md]]
]]>
</system-out>
</testcase>
<testcase name="Application Loading › should handle offline mode correctly" classname="app-load.spec.js" time="26.015">
<failure message="app-load.spec.js:139:7 should handle offline mode correctly" type="FAILURE">
<![CDATA[  [msedge] › app-load.spec.js:139:7 › Application Loading › should handle offline mode correctly ───

    Error: expect(locator).toBeVisible() failed

    Locator:  locator('#scenarios-page')
    Expected: visible
    Received: hidden
    Timeout:  5000ms

    Call log:
      - Expect "toBeVisible" with timeout 5000ms
      - waiting for locator('#scenarios-page')
        9 × locator resolved to <div class="page" id="scenarios-page">…</div>
          - unexpected value "hidden"


      147 |
      148 |     // Should handle offline gracefully
    > 149 |     await expect(page.locator('#scenarios-page')).toBeVisible();
          |                                                   ^
      150 |
      151 |     // Should show appropriate offline messaging
      152 |     await expect(page.locator('text=离线模式')).toBeVisible();
        at D:\AIDevelop\failureLogic\tests\e2e\app-load.spec.js:149:51

    attachment #1: screenshot (image/png) ──────────────────────────────────────────────────────────
    ..\test-results\app-load-Application-Loadi-bdc4c-ndle-offline-mode-correctly-msedge\test-failed-1.png
    ────────────────────────────────────────────────────────────────────────────────────────────────

    attachment #2: video (video/webm) ──────────────────────────────────────────────────────────────
    ..\test-results\app-load-Application-Loadi-bdc4c-ndle-offline-mode-correctly-msedge\video.webm
    ────────────────────────────────────────────────────────────────────────────────────────────────

    Error Context: ..\test-results\app-load-Application-Loadi-bdc4c-ndle-offline-mode-correctly-msedge\error-context.md
]]>
</failure>
<system-out>
<![CDATA[
[[ATTACHMENT|test-results\app-load-Application-Loadi-bdc4c-ndle-offline-mode-correctly-msedge\test-failed-1.png]]

[[ATTACHMENT|test-results\app-load-Application-Loadi-bdc4c-ndle-offline-mode-correctly-msedge\video.webm]]

[[ATTACHMENT|test-results\app-load-Application-Loadi-bdc4c-ndle-offline-mode-correctly-msedge\error-context.md]]
]]>
</system-out>
</testcase>
<testcase name="Application Loading › should track performance metrics" classname="app-load.spec.js" time="19.733">
</testcase>
<testcase name="Application Loading › should handle accessibility requirements" classname="app-load.spec.js" time="25.325">
<failure message="app-load.spec.js:176:7 should handle accessibility requirements" type="FAILURE">
<![CDATA[  [msedge] › app-load.spec.js:176:7 › Application Loading › should handle accessibility requirements 

    Error: expect(locator).toBeVisible() failed

    Locator: locator('h1')
    Expected: visible
    Error: strict mode violation: locator('h1') resolved to 9 elements:
        1) <h1 class="hero-title">…</h1> aka getByRole('heading', { name: 'Failure Logic - 探索认知的 盲点' })
        2) <h1 class="page-title">认知场景</h1> aka locator('#scenarios-page').getByText('认知场景')
        3) <h1 class="page-title">学习进度</h1> aka getByText('学习进度', { exact: true })
        4) <h1 class="page-title">个人中心</h1> aka getByText('个人中心')
        5) <h1 class="page-title">成就系统</h1> aka getByText('成就系统')
        6) <h1 class="page-title">排行榜</h1> aka getByText('排行榜')
        7) <h1 class="page-title">了解更多</h1> aka locator('#about-page').getByText('了解更多')
        8) <h1 class="page-title">《失败的逻辑》</h1> aka locator('#book-page').getByText('《失败的逻辑》')
        9) <h1 class="page-title">指数增长误区测试</h1> aka getByText('指数增长误区测试')

    Call log:
      - Expect "toBeVisible" with timeout 5000ms
      - waiting for locator('h1')


      179 |     // Check for proper heading structure
      180 |     const h1 = page.locator('h1');
    > 181 |     await expect(h1).toBeVisible();
          |                      ^
      182 |
      183 |     // Check for skip link or accessibility features
      184 |     const skipLink = page.locator('a[href="#main-content"], .skip-link');
        at D:\AIDevelop\failureLogic\tests\e2e\app-load.spec.js:181:22

    attachment #1: screenshot (image/png) ──────────────────────────────────────────────────────────
    ..\test-results\app-load-Application-Loadi-af858--accessibility-requirements-msedge\test-failed-1.png
    ────────────────────────────────────────────────────────────────────────────────────────────────

    attachment #2: video (video/webm) ──────────────────────────────────────────────────────────────
    ..\test-results\app-load-Application-Loadi-af858--accessibility-requirements-msedge\video.webm
    ────────────────────────────────────────────────────────────────────────────────────────────────

    Error Context: ..\test-results\app-load-Application-Loadi-af858--accessibility-requirements-msedge\error-context.md
]]>
</failure>
<system-out>
<![CDATA[
[[ATTACHMENT|test-results\app-load-Application-Loadi-af858--accessibility-requirements-msedge\test-failed-1.png]]

[[ATTACHMENT|test-results\app-load-Application-Loadi-af858--accessibility-requirements-msedge\video.webm]]

[[ATTACHMENT|test-results\app-load-Application-Loadi-af858--accessibility-requirements-msedge\error-context.md]]
]]>
</system-out>
</testcase>
</testsuite>
<testsuite name="bias-diagnosis.spec.js" timestamp="2025-12-13T11:43:48.247Z" hostname="msedge" tests="3" failures="0" skipped="0" time="0.171" errors="0">
<testcase name="Cognitive trap diagnosis (API) › flags exponential misconception" classname="bias-diagnosis.spec.js" time="0.057">
</testcase>
<testcase name="Cognitive trap diagnosis (API) › flags compound interest misunderstanding (linear intuition)" classname="bias-diagnosis.spec.js" time="0.06">
</testcase>
<testcase name="Cognitive trap diagnosis (API) › flags complex system underestimation as complex_system_misunderstanding" classname="bias-diagnosis.spec.js" time="0.054">
</testcase>
</testsuite>
<testsuite name="scenarios-interaction.spec.js" timestamp="2025-12-13T11:43:48.247Z" hostname="msedge" tests="13" failures="13" skipped="0" time="532.314" errors="0">
<testcase name="Scenarios Interaction › should navigate to scenarios page" classname="scenarios-interaction.spec.js" time="33.469">
<failure message="scenarios-interaction.spec.js:13:7 should navigate to scenarios page" type="FAILURE">
<![CDATA[  [msedge] › scenarios-interaction.spec.js:13:7 › Scenarios Interaction › should navigate to scenarios page 

    Error: expect(locator).toHaveClass(expected) failed

    Locator: locator('#scenarios-page')
    Expected pattern: /active/
    Received string:  "page"
    Timeout: 5000ms

    Call log:
      - Expect "toHaveClass" with timeout 5000ms
      - waiting for locator('#scenarios-page')
        8 × locator resolved to <div class="page" id="scenarios-page">…</div>
          - unexpected value "page"


      16 |
      17 |     // Verify scenarios page is loaded
    > 18 |     await expect(page.locator('#scenarios-page')).toHaveClass(/active/);
         |                                                   ^
      19 |     await expect(page.locator('.page-title')).toContainText('认知场景');
      20 |   });
      21 |
        at D:\AIDevelop\failureLogic\tests\e2e\scenarios-interaction.spec.js:18:51

    attachment #1: screenshot (image/png) ──────────────────────────────────────────────────────────
    ..\test-results\scenarios-interaction-Scen-6133b--navigate-to-scenarios-page-msedge\test-failed-1.png
    ────────────────────────────────────────────────────────────────────────────────────────────────

    attachment #2: video (video/webm) ──────────────────────────────────────────────────────────────
    ..\test-results\scenarios-interaction-Scen-6133b--navigate-to-scenarios-page-msedge\video.webm
    ────────────────────────────────────────────────────────────────────────────────────────────────

    Error Context: ..\test-results\scenarios-interaction-Scen-6133b--navigate-to-scenarios-page-msedge\error-context.md
]]>
</failure>
<system-out>
<![CDATA[
[[ATTACHMENT|test-results\scenarios-interaction-Scen-6133b--navigate-to-scenarios-page-msedge\test-failed-1.png]]

[[ATTACHMENT|test-results\scenarios-interaction-Scen-6133b--navigate-to-scenarios-page-msedge\video.webm]]

[[ATTACHMENT|test-results\scenarios-interaction-Scen-6133b--navigate-to-scenarios-page-msedge\error-context.md]]
]]>
</system-out>
</testcase>
<testcase name="Scenarios Interaction › should load scenarios from API" classname="scenarios-interaction.spec.js" time="36.39">
<failure message="scenarios-interaction.spec.js:22:7 should load scenarios from API" type="FAILURE">
<![CDATA[  [msedge] › scenarios-interaction.spec.js:22:7 › Scenarios Interaction › should load scenarios from API 

    TimeoutError: page.waitForSelector: Timeout 10000ms exceeded.
    Call log:
      - waiting for locator('.scenario-card') to be visible


      24 |
      25 |     // Wait for scenarios to load
    > 26 |     await page.waitForSelector('.scenario-card', { state: 'visible' });
         |                ^
      27 |
      28 |     // Verify scenarios are loaded
      29 |     const scenarioCards = page.locator('.scenario-card');
        at D:\AIDevelop\failureLogic\tests\e2e\scenarios-interaction.spec.js:26:16

    attachment #1: screenshot (image/png) ──────────────────────────────────────────────────────────
    ..\test-results\scenarios-interaction-Scen-03e6e-uld-load-scenarios-from-API-msedge\test-failed-1.png
    ────────────────────────────────────────────────────────────────────────────────────────────────

    attachment #2: video (video/webm) ──────────────────────────────────────────────────────────────
    ..\test-results\scenarios-interaction-Scen-03e6e-uld-load-scenarios-from-API-msedge\video.webm
    ────────────────────────────────────────────────────────────────────────────────────────────────

    Error Context: ..\test-results\scenarios-interaction-Scen-03e6e-uld-load-scenarios-from-API-msedge\error-context.md
]]>
</failure>
<system-out>
<![CDATA[
[[ATTACHMENT|test-results\scenarios-interaction-Scen-03e6e-uld-load-scenarios-from-API-msedge\test-failed-1.png]]

[[ATTACHMENT|test-results\scenarios-interaction-Scen-03e6e-uld-load-scenarios-from-API-msedge\video.webm]]

[[ATTACHMENT|test-results\scenarios-interaction-Scen-03e6e-uld-load-scenarios-from-API-msedge\error-context.md]]
]]>
</system-out>
</testcase>
<testcase name="Scenarios Interaction › should display scenario details correctly" classname="scenarios-interaction.spec.js" time="35.425">
<failure message="scenarios-interaction.spec.js:38:7 should display scenario details correctly" type="FAILURE">
<![CDATA[  [msedge] › scenarios-interaction.spec.js:38:7 › Scenarios Interaction › should display scenario details correctly 

    TimeoutError: page.waitForSelector: Timeout 10000ms exceeded.
    Call log:
      - waiting for locator('.scenario-card') to be visible


      40 |
      41 |     // Wait for scenarios to load
    > 42 |     await page.waitForSelector('.scenario-card');
         |                ^
      43 |
      44 |     // Check first scenario details
      45 |     const firstScenario = page.locator('.scenario-card').first();
        at D:\AIDevelop\failureLogic\tests\e2e\scenarios-interaction.spec.js:42:16

    attachment #1: screenshot (image/png) ──────────────────────────────────────────────────────────
    ..\test-results\scenarios-interaction-Scen-4c8d7--scenario-details-correctly-msedge\test-failed-1.png
    ────────────────────────────────────────────────────────────────────────────────────────────────

    attachment #2: video (video/webm) ──────────────────────────────────────────────────────────────
    ..\test-results\scenarios-interaction-Scen-4c8d7--scenario-details-correctly-msedge\video.webm
    ────────────────────────────────────────────────────────────────────────────────────────────────

    Error Context: ..\test-results\scenarios-interaction-Scen-4c8d7--scenario-details-correctly-msedge\error-context.md
]]>
</failure>
<system-out>
<![CDATA[
[[ATTACHMENT|test-results\scenarios-interaction-Scen-4c8d7--scenario-details-correctly-msedge\test-failed-1.png]]

[[ATTACHMENT|test-results\scenarios-interaction-Scen-4c8d7--scenario-details-correctly-msedge\video.webm]]

[[ATTACHMENT|test-results\scenarios-interaction-Scen-4c8d7--scenario-details-correctly-msedge\error-context.md]]
]]>
</system-out>
</testcase>
<testcase name="Scenarios Interaction › should handle scenario selection" classname="scenarios-interaction.spec.js" time="42.653">
<failure message="scenarios-interaction.spec.js:52:7 should handle scenario selection" type="FAILURE">
<![CDATA[  [msedge] › scenarios-interaction.spec.js:52:7 › Scenarios Interaction › should handle scenario selection 

    TimeoutError: page.waitForSelector: Timeout 10000ms exceeded.
    Call log:
      - waiting for locator('.scenario-card') to be visible


      54 |
      55 |     // Wait for scenarios to load
    > 56 |     await page.waitForSelector('.scenario-card');
         |                ^
      57 |
      58 |     // Select first scenario
      59 |     const firstScenario = page.locator('.scenario-card').first();
        at D:\AIDevelop\failureLogic\tests\e2e\scenarios-interaction.spec.js:56:16

    attachment #1: screenshot (image/png) ──────────────────────────────────────────────────────────
    ..\test-results\scenarios-interaction-Scen-2f91f-d-handle-scenario-selection-msedge\test-failed-1.png
    ────────────────────────────────────────────────────────────────────────────────────────────────

    attachment #2: video (video/webm) ──────────────────────────────────────────────────────────────
    ..\test-results\scenarios-interaction-Scen-2f91f-d-handle-scenario-selection-msedge\video.webm
    ────────────────────────────────────────────────────────────────────────────────────────────────

    Error Context: ..\test-results\scenarios-interaction-Scen-2f91f-d-handle-scenario-selection-msedge\error-context.md
]]>
</failure>
<system-out>
<![CDATA[
[[ATTACHMENT|test-results\scenarios-interaction-Scen-2f91f-d-handle-scenario-selection-msedge\test-failed-1.png]]

[[ATTACHMENT|test-results\scenarios-interaction-Scen-2f91f-d-handle-scenario-selection-msedge\video.webm]]

[[ATTACHMENT|test-results\scenarios-interaction-Scen-2f91f-d-handle-scenario-selection-msedge\error-context.md]]
]]>
</system-out>
</testcase>
<testcase name="Scenarios Interaction › should start game session correctly" classname="scenarios-interaction.spec.js" time="33.601">
<failure message="scenarios-interaction.spec.js:67:7 should start game session correctly" type="FAILURE">
<![CDATA[  [msedge] › scenarios-interaction.spec.js:67:7 › Scenarios Interaction › should start game session correctly 

    TimeoutError: page.waitForSelector: Timeout 10000ms exceeded.
    Call log:
      - waiting for locator('.scenario-card') to be visible


      67 |   test('should start game session correctly', async ({ page }) => {
      68 |     await page.click('[data-page="scenarios"]');
    > 69 |     await page.waitForSelector('.scenario-card');
         |                ^
      70 |
      71 |     // Select coffee shop scenario
      72 |     const coffeeShopScenario = page.locator('.scenario-card:has-text("咖啡店")');
        at D:\AIDevelop\failureLogic\tests\e2e\scenarios-interaction.spec.js:69:16

    attachment #1: screenshot (image/png) ──────────────────────────────────────────────────────────
    ..\test-results\scenarios-interaction-Scen-10b79-tart-game-session-correctly-msedge\test-failed-1.png
    ────────────────────────────────────────────────────────────────────────────────────────────────

    attachment #2: video (video/webm) ──────────────────────────────────────────────────────────────
    ..\test-results\scenarios-interaction-Scen-10b79-tart-game-session-correctly-msedge\video.webm
    ────────────────────────────────────────────────────────────────────────────────────────────────

    Error Context: ..\test-results\scenarios-interaction-Scen-10b79-tart-game-session-correctly-msedge\error-context.md
]]>
</failure>
<system-out>
<![CDATA[
[[ATTACHMENT|test-results\scenarios-interaction-Scen-10b79-tart-game-session-correctly-msedge\test-failed-1.png]]

[[ATTACHMENT|test-results\scenarios-interaction-Scen-10b79-tart-game-session-correctly-msedge\video.webm]]

[[ATTACHMENT|test-results\scenarios-interaction-Scen-10b79-tart-game-session-correctly-msedge\error-context.md]]
]]>
</system-out>
</testcase>
<testcase name="Scenarios Interaction › should display game controls for each scenario" classname="scenarios-interaction.spec.js" time="36.061">
<failure message="scenarios-interaction.spec.js:85:7 should display game controls for each scenario" type="FAILURE">
<![CDATA[  [msedge] › scenarios-interaction.spec.js:85:7 › Scenarios Interaction › should display game controls for each scenario 

    TimeoutError: page.waitForSelector: Timeout 10000ms exceeded.
    Call log:
      - waiting for locator('.scenario-card') to be visible


      85 |   test('should display game controls for each scenario', async ({ page }) => {
      86 |     await page.click('[data-page="scenarios"]');
    > 87 |     await page.waitForSelector('.scenario-card');
         |                ^
      88 |
      89 |     // Test coffee shop scenario
      90 |     const coffeeShopScenario = page.locator('.scenario-card:has-text("咖啡店")');
        at D:\AIDevelop\failureLogic\tests\e2e\scenarios-interaction.spec.js:87:16

    attachment #1: screenshot (image/png) ──────────────────────────────────────────────────────────
    ..\test-results\scenarios-interaction-Scen-b8e28--controls-for-each-scenario-msedge\test-failed-1.png
    ────────────────────────────────────────────────────────────────────────────────────────────────

    attachment #2: video (video/webm) ──────────────────────────────────────────────────────────────
    ..\test-results\scenarios-interaction-Scen-b8e28--controls-for-each-scenario-msedge\video.webm
    ────────────────────────────────────────────────────────────────────────────────────────────────

    Error Context: ..\test-results\scenarios-interaction-Scen-b8e28--controls-for-each-scenario-msedge\error-context.md
]]>
</failure>
<system-out>
<![CDATA[
[[ATTACHMENT|test-results\scenarios-interaction-Scen-b8e28--controls-for-each-scenario-msedge\test-failed-1.png]]

[[ATTACHMENT|test-results\scenarios-interaction-Scen-b8e28--controls-for-each-scenario-msedge\video.webm]]

[[ATTACHMENT|test-results\scenarios-interaction-Scen-b8e28--controls-for-each-scenario-msedge\error-context.md]]
]]>
</system-out>
</testcase>
<testcase name="Scenarios Interaction › should handle game decision submission" classname="scenarios-interaction.spec.js" time="49.725">
<failure message="scenarios-interaction.spec.js:110:7 should handle game decision submission" type="FAILURE">
<![CDATA[  [msedge] › scenarios-interaction.spec.js:110:7 › Scenarios Interaction › should handle game decision submission 

    TimeoutError: page.waitForSelector: Timeout 10000ms exceeded.
    Call log:
      - waiting for locator('.scenario-card') to be visible


      110 |   test('should handle game decision submission', async ({ page }) => {
      111 |     await page.click('[data-page="scenarios"]');
    > 112 |     await page.waitForSelector('.scenario-card');
          |                ^
      113 |
      114 |     // Select coffee shop scenario
      115 |     const coffeeShopScenario = page.locator('.scenario-card:has-text("咖啡店")');
        at D:\AIDevelop\failureLogic\tests\e2e\scenarios-interaction.spec.js:112:16

    attachment #1: screenshot (image/png) ──────────────────────────────────────────────────────────
    ..\test-results\scenarios-interaction-Scen-38849-le-game-decision-submission-msedge\test-failed-1.png
    ────────────────────────────────────────────────────────────────────────────────────────────────

    attachment #2: video (video/webm) ──────────────────────────────────────────────────────────────
    ..\test-results\scenarios-interaction-Scen-38849-le-game-decision-submission-msedge\video.webm
    ────────────────────────────────────────────────────────────────────────────────────────────────

    Error Context: ..\test-results\scenarios-interaction-Scen-38849-le-game-decision-submission-msedge\error-context.md
]]>
</failure>
<system-out>
<![CDATA[
[[ATTACHMENT|test-results\scenarios-interaction-Scen-38849-le-game-decision-submission-msedge\test-failed-1.png]]

[[ATTACHMENT|test-results\scenarios-interaction-Scen-38849-le-game-decision-submission-msedge\video.webm]]

[[ATTACHMENT|test-results\scenarios-interaction-Scen-38849-le-game-decision-submission-msedge\error-context.md]]
]]>
</system-out>
</testcase>
<testcase name="Scenarios Interaction › should handle game modal interactions" classname="scenarios-interaction.spec.js" time="43.387">
<failure message="scenarios-interaction.spec.js:139:7 should handle game modal interactions" type="FAILURE">
<![CDATA[  [msedge] › scenarios-interaction.spec.js:139:7 › Scenarios Interaction › should handle game modal interactions 

    TimeoutError: page.waitForSelector: Timeout 10000ms exceeded.
    Call log:
      - waiting for locator('.scenario-card') to be visible


      139 |   test('should handle game modal interactions', async ({ page }) => {
      140 |     await page.click('[data-page="scenarios"]');
    > 141 |     await page.waitForSelector('.scenario-card');
          |                ^
      142 |
      143 |     // Open game modal
      144 |     const firstScenario = page.locator('.scenario-card').first();
        at D:\AIDevelop\failureLogic\tests\e2e\scenarios-interaction.spec.js:141:16

    attachment #1: screenshot (image/png) ──────────────────────────────────────────────────────────
    ..\test-results\scenarios-interaction-Scen-438c1-dle-game-modal-interactions-msedge\test-failed-1.png
    ────────────────────────────────────────────────────────────────────────────────────────────────

    attachment #2: video (video/webm) ──────────────────────────────────────────────────────────────
    ..\test-results\scenarios-interaction-Scen-438c1-dle-game-modal-interactions-msedge\video.webm
    ────────────────────────────────────────────────────────────────────────────────────────────────

    Error Context: ..\test-results\scenarios-interaction-Scen-438c1-dle-game-modal-interactions-msedge\error-context.md
]]>
</failure>
<system-out>
<![CDATA[
[[ATTACHMENT|test-results\scenarios-interaction-Scen-438c1-dle-game-modal-interactions-msedge\test-failed-1.png]]

[[ATTACHMENT|test-results\scenarios-interaction-Scen-438c1-dle-game-modal-interactions-msedge\video.webm]]

[[ATTACHMENT|test-results\scenarios-interaction-Scen-438c1-dle-game-modal-interactions-msedge\error-context.md]]
]]>
</system-out>
</testcase>
<testcase name="Scenarios Interaction › should display appropriate loading states" classname="scenarios-interaction.spec.js" time="43.074">
<failure message="scenarios-interaction.spec.js:162:7 should display appropriate loading states" type="FAILURE">
<![CDATA[  [msedge] › scenarios-interaction.spec.js:162:7 › Scenarios Interaction › should display appropriate loading states 

    Error: expect(locator).toContainText(expected) failed

    Locator: locator('.loading')
    Expected substring: "加载场景中"
    Timeout: 5000ms
    Error: element(s) not found

    Call log:
      - Expect "toContainText" with timeout 5000ms
      - waiting for locator('.loading')


      164 |
      165 |     // Should show loading state initially
    > 166 |     await expect(page.locator('.loading')).toContainText('加载场景中');
          |                                            ^
      167 |
      168 |     // Should replace loading with content
      169 |     await page.waitForSelector('.scenario-card', { state: 'visible' });
        at D:\AIDevelop\failureLogic\tests\e2e\scenarios-interaction.spec.js:166:44

    attachment #1: screenshot (image/png) ──────────────────────────────────────────────────────────
    ..\test-results\scenarios-interaction-Scen-db36e--appropriate-loading-states-msedge\test-failed-1.png
    ────────────────────────────────────────────────────────────────────────────────────────────────

    attachment #2: video (video/webm) ──────────────────────────────────────────────────────────────
    ..\test-results\scenarios-interaction-Scen-db36e--appropriate-loading-states-msedge\video.webm
    ────────────────────────────────────────────────────────────────────────────────────────────────

    Error Context: ..\test-results\scenarios-interaction-Scen-db36e--appropriate-loading-states-msedge\error-context.md
]]>
</failure>
<system-out>
<![CDATA[
[[ATTACHMENT|test-results\scenarios-interaction-Scen-db36e--appropriate-loading-states-msedge\test-failed-1.png]]

[[ATTACHMENT|test-results\scenarios-interaction-Scen-db36e--appropriate-loading-states-msedge\video.webm]]

[[ATTACHMENT|test-results\scenarios-interaction-Scen-db36e--appropriate-loading-states-msedge\error-context.md]]
]]>
</system-out>
</testcase>
<testcase name="Scenarios Interaction › should handle API errors gracefully" classname="scenarios-interaction.spec.js" time="46.778">
<failure message="scenarios-interaction.spec.js:173:7 should handle API errors gracefully" type="FAILURE">
<![CDATA[  [msedge] › scenarios-interaction.spec.js:173:7 › Scenarios Interaction › should handle API errors gracefully 

    Error: expect(locator).toBeVisible() failed

    Locator:  locator('#scenarios-page')
    Expected: visible
    Received: hidden
    Timeout:  5000ms

    Call log:
      - Expect "toBeVisible" with timeout 5000ms
      - waiting for locator('#scenarios-page')
        8 × locator resolved to <div class="page" id="scenarios-page">…</div>
          - unexpected value "hidden"


      184 |
      185 |     // Should show error message or fallback content
    > 186 |     await expect(page.locator('#scenarios-page')).toBeVisible();
          |                                                   ^
      187 |   });
      188 |
      189 |   test('should track game session state', async ({ page }) => {
        at D:\AIDevelop\failureLogic\tests\e2e\scenarios-interaction.spec.js:186:51

    attachment #1: screenshot (image/png) ──────────────────────────────────────────────────────────
    ..\test-results\scenarios-interaction-Scen-d0e5c-andle-API-errors-gracefully-msedge\test-failed-1.png
    ────────────────────────────────────────────────────────────────────────────────────────────────

    attachment #2: video (video/webm) ──────────────────────────────────────────────────────────────
    ..\test-results\scenarios-interaction-Scen-d0e5c-andle-API-errors-gracefully-msedge\video.webm
    ────────────────────────────────────────────────────────────────────────────────────────────────

    Error Context: ..\test-results\scenarios-interaction-Scen-d0e5c-andle-API-errors-gracefully-msedge\error-context.md
]]>
</failure>
<system-out>
<![CDATA[
[[ATTACHMENT|test-results\scenarios-interaction-Scen-d0e5c-andle-API-errors-gracefully-msedge\test-failed-1.png]]

[[ATTACHMENT|test-results\scenarios-interaction-Scen-d0e5c-andle-API-errors-gracefully-msedge\video.webm]]

[[ATTACHMENT|test-results\scenarios-interaction-Scen-d0e5c-andle-API-errors-gracefully-msedge\error-context.md]]
]]>
</system-out>
</testcase>
<testcase name="Scenarios Interaction › should track game session state" classname="scenarios-interaction.spec.js" time="43.139">
<failure message="scenarios-interaction.spec.js:189:7 should track game session state" type="FAILURE">
<![CDATA[  [msedge] › scenarios-interaction.spec.js:189:7 › Scenarios Interaction › should track game session state 

    TimeoutError: page.waitForSelector: Timeout 10000ms exceeded.
    Call log:
      - waiting for locator('.scenario-card') to be visible


      189 |   test('should track game session state', async ({ page }) => {
      190 |     await page.click('[data-page="scenarios"]');
    > 191 |     await page.waitForSelector('.scenario-card');
          |                ^
      192 |
      193 |     // Select and start scenario
      194 |     const firstScenario = page.locator('.scenario-card').first();
        at D:\AIDevelop\failureLogic\tests\e2e\scenarios-interaction.spec.js:191:16

    attachment #1: screenshot (image/png) ──────────────────────────────────────────────────────────
    ..\test-results\scenarios-interaction-Scen-73920-ld-track-game-session-state-msedge\test-failed-1.png
    ────────────────────────────────────────────────────────────────────────────────────────────────

    attachment #2: video (video/webm) ──────────────────────────────────────────────────────────────
    ..\test-results\scenarios-interaction-Scen-73920-ld-track-game-session-state-msedge\video.webm
    ────────────────────────────────────────────────────────────────────────────────────────────────

    Error Context: ..\test-results\scenarios-interaction-Scen-73920-ld-track-game-session-state-msedge\error-context.md
]]>
</failure>
<system-out>
<![CDATA[
[[ATTACHMENT|test-results\scenarios-interaction-Scen-73920-ld-track-game-session-state-msedge\test-failed-1.png]]

[[ATTACHMENT|test-results\scenarios-interaction-Scen-73920-ld-track-game-session-state-msedge\video.webm]]

[[ATTACHMENT|test-results\scenarios-interaction-Scen-73920-ld-track-game-session-state-msedge\error-context.md]]
]]>
</system-out>
</testcase>
<testcase name="Scenarios Interaction › should provide game feedback and analysis" classname="scenarios-interaction.spec.js" time="44.148">
<failure message="scenarios-interaction.spec.js:209:7 should provide game feedback and analysis" type="FAILURE">
<![CDATA[  [msedge] › scenarios-interaction.spec.js:209:7 › Scenarios Interaction › should provide game feedback and analysis 

    TimeoutError: page.waitForSelector: Timeout 10000ms exceeded.
    Call log:
      - waiting for locator('.scenario-card') to be visible


      209 |   test('should provide game feedback and analysis', async ({ page }) => {
      210 |     await page.click('[data-page="scenarios"]');
    > 211 |     await page.waitForSelector('.scenario-card');
          |                ^
      212 |
      213 |     // Start coffee shop scenario
      214 |     const coffeeShopScenario = page.locator('.scenario-card:has-text("咖啡店")');
        at D:\AIDevelop\failureLogic\tests\e2e\scenarios-interaction.spec.js:211:16

    attachment #1: screenshot (image/png) ──────────────────────────────────────────────────────────
    ..\test-results\scenarios-interaction-Scen-48c9e--game-feedback-and-analysis-msedge\test-failed-1.png
    ────────────────────────────────────────────────────────────────────────────────────────────────

    attachment #2: video (video/webm) ──────────────────────────────────────────────────────────────
    ..\test-results\scenarios-interaction-Scen-48c9e--game-feedback-and-analysis-msedge\video.webm
    ────────────────────────────────────────────────────────────────────────────────────────────────

    Error Context: ..\test-results\scenarios-interaction-Scen-48c9e--game-feedback-and-analysis-msedge\error-context.md
]]>
</failure>
<system-out>
<![CDATA[
[[ATTACHMENT|test-results\scenarios-interaction-Scen-48c9e--game-feedback-and-analysis-msedge\test-failed-1.png]]

[[ATTACHMENT|test-results\scenarios-interaction-Scen-48c9e--game-feedback-and-analysis-msedge\video.webm]]

[[ATTACHMENT|test-results\scenarios-interaction-Scen-48c9e--game-feedback-and-analysis-msedge\error-context.md]]
]]>
</system-out>
</testcase>
<testcase name="Scenarios Interaction › should maintain responsive design during game" classname="scenarios-interaction.spec.js" time="44.464">
<failure message="scenarios-interaction.spec.js:235:7 should maintain responsive design during game" type="FAILURE">
<![CDATA[  [msedge] › scenarios-interaction.spec.js:235:7 › Scenarios Interaction › should maintain responsive design during game 

    TimeoutError: page.waitForSelector: Timeout 10000ms exceeded.
    Call log:
      - waiting for locator('.scenario-card') to be visible


      235 |   test('should maintain responsive design during game', async ({ page }) => {
      236 |     await page.click('[data-page="scenarios"]');
    > 237 |     await page.waitForSelector('.scenario-card');
          |                ^
      238 |
      239 |     // Test on desktop
      240 |     await page.setViewportSize({ width: 1200, height: 800 });
        at D:\AIDevelop\failureLogic\tests\e2e\scenarios-interaction.spec.js:237:16

    attachment #1: screenshot (image/png) ──────────────────────────────────────────────────────────
    ..\test-results\scenarios-interaction-Scen-ef1be-sponsive-design-during-game-msedge\test-failed-1.png
    ────────────────────────────────────────────────────────────────────────────────────────────────

    attachment #2: video (video/webm) ──────────────────────────────────────────────────────────────
    ..\test-results\scenarios-interaction-Scen-ef1be-sponsive-design-during-game-msedge\video.webm
    ────────────────────────────────────────────────────────────────────────────────────────────────

    Error Context: ..\test-results\scenarios-interaction-Scen-ef1be-sponsive-design-during-game-msedge\error-context.md
]]>
</failure>
<system-out>
<![CDATA[
[[ATTACHMENT|test-results\scenarios-interaction-Scen-ef1be-sponsive-design-during-game-msedge\test-failed-1.png]]

[[ATTACHMENT|test-results\scenarios-interaction-Scen-ef1be-sponsive-design-during-game-msedge\video.webm]]

[[ATTACHMENT|test-results\scenarios-interaction-Scen-ef1be-sponsive-design-during-game-msedge\error-context.md]]
]]>
</system-out>
</testcase>
</testsuite>
<testsuite name="api-integration.spec.js" timestamp="2025-12-13T11:43:48.247Z" hostname="Mobile Chrome" tests="11" failures="11" skipped="0" time="420.743" errors="0">
<testcase name="API Integration › should successfully connect to API endpoints" classname="api-integration.spec.js" time="47.681">
<failure message="api-integration.spec.js:14:7 should successfully connect to API endpoints" type="FAILURE">
<![CDATA[  [Mobile Chrome] › api-integration.spec.js:14:7 › API Integration › should successfully connect to API endpoints 

    TimeoutError: page.waitForSelector: Timeout 10000ms exceeded.
    Call log:
      - waiting for locator('.scenario-card') to be visible


      27 |     // Navigate to scenarios to trigger API calls
      28 |     await page.click('[data-page="scenarios"]');
    > 29 |     await page.waitForSelector('.scenario-card', { state: 'visible' });
         |                ^
      30 |
      31 |     // Verify API responses
      32 |     expect(apiResponses.length).toBeGreaterThan(0);
        at D:\AIDevelop\failureLogic\tests\e2e\api-integration.spec.js:29:16

    attachment #1: screenshot (image/png) ──────────────────────────────────────────────────────────
    ..\test-results\api-integration-API-Integr-9e48c-ly-connect-to-API-endpoints-Mobile-Chrome\test-failed-1.png
    ────────────────────────────────────────────────────────────────────────────────────────────────

    attachment #2: video (video/webm) ──────────────────────────────────────────────────────────────
    ..\test-results\api-integration-API-Integr-9e48c-ly-connect-to-API-endpoints-Mobile-Chrome\video.webm
    ────────────────────────────────────────────────────────────────────────────────────────────────

    Error Context: ..\test-results\api-integration-API-Integr-9e48c-ly-connect-to-API-endpoints-Mobile-Chrome\error-context.md
]]>
</failure>
<system-out>
<![CDATA[
[[ATTACHMENT|test-results\api-integration-API-Integr-9e48c-ly-connect-to-API-endpoints-Mobile-Chrome\test-failed-1.png]]

[[ATTACHMENT|test-results\api-integration-API-Integr-9e48c-ly-connect-to-API-endpoints-Mobile-Chrome\video.webm]]

[[ATTACHMENT|test-results\api-integration-API-Integr-9e48c-ly-connect-to-API-endpoints-Mobile-Chrome\error-context.md]]
]]>
</system-out>
</testcase>
<testcase name="API Integration › should handle API response caching" classname="api-integration.spec.js" time="45.115">
<failure message="api-integration.spec.js:39:7 should handle API response caching" type="FAILURE">
<![CDATA[  [Mobile Chrome] › api-integration.spec.js:39:7 › API Integration › should handle API response caching 

    TimeoutError: page.waitForSelector: Timeout 10000ms exceeded.
    Call log:
      - waiting for locator('.scenario-card') to be visible


      47 |     // Navigate to scenarios twice
      48 |     await page.click('[data-page="scenarios"]');
    > 49 |     await page.waitForSelector('.scenario-card', { state: 'visible' });
         |                ^
      50 |
      51 |     // Navigate away and back
      52 |     await page.click('[data-page="home"]');
        at D:\AIDevelop\failureLogic\tests\e2e\api-integration.spec.js:49:16

    attachment #1: screenshot (image/png) ──────────────────────────────────────────────────────────
    ..\test-results\api-integration-API-Integr-73696-handle-API-response-caching-Mobile-Chrome\test-failed-1.png
    ────────────────────────────────────────────────────────────────────────────────────────────────

    attachment #2: video (video/webm) ──────────────────────────────────────────────────────────────
    ..\test-results\api-integration-API-Integr-73696-handle-API-response-caching-Mobile-Chrome\video.webm
    ────────────────────────────────────────────────────────────────────────────────────────────────

    Error Context: ..\test-results\api-integration-API-Integr-73696-handle-API-response-caching-Mobile-Chrome\error-context.md
]]>
</failure>
<system-out>
<![CDATA[
[[ATTACHMENT|test-results\api-integration-API-Integr-73696-handle-API-response-caching-Mobile-Chrome\test-failed-1.png]]

[[ATTACHMENT|test-results\api-integration-API-Integr-73696-handle-API-response-caching-Mobile-Chrome\video.webm]]

[[ATTACHMENT|test-results\api-integration-API-Integr-73696-handle-API-response-caching-Mobile-Chrome\error-context.md]]
]]>
</system-out>
</testcase>
<testcase name="API Integration › should implement API failover correctly" classname="api-integration.spec.js" time="46.32">
<failure message="api-integration.spec.js:64:7 should implement API failover correctly" type="FAILURE">
<![CDATA[  [Mobile Chrome] › api-integration.spec.js:64:7 › API Integration › should implement API failover correctly 

    TimeoutError: page.waitForSelector: Timeout 10000ms exceeded.
    Call log:
      - waiting for locator('.scenario-card') to be visible


      82 |     // Navigate to scenarios
      83 |     await page.click('[data-page="scenarios"]');
    > 84 |     await page.waitForSelector('.scenario-card', { state: 'visible' });
         |                ^
      85 |
      86 |     // Should eventually succeed with fallback API or mock data
      87 |     expect(await page.locator('.scenario-card').count()).toBeGreaterThan(0);
        at D:\AIDevelop\failureLogic\tests\e2e\api-integration.spec.js:84:16

    attachment #1: screenshot (image/png) ──────────────────────────────────────────────────────────
    ..\test-results\api-integration-API-Integr-885ec-ment-API-failover-correctly-Mobile-Chrome\test-failed-1.png
    ────────────────────────────────────────────────────────────────────────────────────────────────

    attachment #2: video (video/webm) ──────────────────────────────────────────────────────────────
    ..\test-results\api-integration-API-Integr-885ec-ment-API-failover-correctly-Mobile-Chrome\video.webm
    ────────────────────────────────────────────────────────────────────────────────────────────────

    Error Context: ..\test-results\api-integration-API-Integr-885ec-ment-API-failover-correctly-Mobile-Chrome\error-context.md
]]>
</failure>
<system-out>
<![CDATA[
[[ATTACHMENT|test-results\api-integration-API-Integr-885ec-ment-API-failover-correctly-Mobile-Chrome\test-failed-1.png]]

[[ATTACHMENT|test-results\api-integration-API-Integr-885ec-ment-API-failover-correctly-Mobile-Chrome\video.webm]]

[[ATTACHMENT|test-results\api-integration-API-Integr-885ec-ment-API-failover-correctly-Mobile-Chrome\error-context.md]]
]]>
</system-out>
</testcase>
<testcase name="API Integration › should track API performance metrics" classname="api-integration.spec.js" time="34.381">
<failure message="api-integration.spec.js:90:7 should track API performance metrics" type="FAILURE">
<![CDATA[  [Mobile Chrome] › api-integration.spec.js:90:7 › API Integration › should track API performance metrics 

    TimeoutError: page.waitForSelector: Timeout 10000ms exceeded.
    Call log:
      - waiting for locator('.scenario-card') to be visible


      90 |   test('should track API performance metrics', async ({ page }) => {
      91 |     await page.click('[data-page="scenarios"]');
    > 92 |     await page.waitForSelector('.scenario-card', { state: 'visible' });
         |                ^
      93 |
      94 |     // Get API metrics
      95 |     const metrics = await page.evaluate(() => {
        at D:\AIDevelop\failureLogic\tests\e2e\api-integration.spec.js:92:16

    attachment #1: screenshot (image/png) ──────────────────────────────────────────────────────────
    ..\test-results\api-integration-API-Integr-744de-ack-API-performance-metrics-Mobile-Chrome\test-failed-1.png
    ────────────────────────────────────────────────────────────────────────────────────────────────

    attachment #2: video (video/webm) ──────────────────────────────────────────────────────────────
    ..\test-results\api-integration-API-Integr-744de-ack-API-performance-metrics-Mobile-Chrome\video.webm
    ────────────────────────────────────────────────────────────────────────────────────────────────

    Error Context: ..\test-results\api-integration-API-Integr-744de-ack-API-performance-metrics-Mobile-Chrome\error-context.md
]]>
</failure>
<system-out>
<![CDATA[
[[ATTACHMENT|test-results\api-integration-API-Integr-744de-ack-API-performance-metrics-Mobile-Chrome\test-failed-1.png]]

[[ATTACHMENT|test-results\api-integration-API-Integr-744de-ack-API-performance-metrics-Mobile-Chrome\video.webm]]

[[ATTACHMENT|test-results\api-integration-API-Integr-744de-ack-API-performance-metrics-Mobile-Chrome\error-context.md]]
]]>
</system-out>
</testcase>
<testcase name="API Integration › should handle game session API calls" classname="api-integration.spec.js" time="33.697">
<failure message="api-integration.spec.js:108:7 should handle game session API calls" type="FAILURE">
<![CDATA[  [Mobile Chrome] › api-integration.spec.js:108:7 › API Integration › should handle game session API calls 

    TimeoutError: page.waitForSelector: Timeout 10000ms exceeded.
    Call log:
      - waiting for locator('.scenario-card') to be visible


      108 |   test('should handle game session API calls', async ({ page }) => {
      109 |     await page.click('[data-page="scenarios"]');
    > 110 |     await page.waitForSelector('.scenario-card', { state: 'visible' });
          |                ^
      111 |
      112 |     // Monitor API requests
      113 |     const apiRequests = [];
        at D:\AIDevelop\failureLogic\tests\e2e\api-integration.spec.js:110:16

    attachment #1: screenshot (image/png) ──────────────────────────────────────────────────────────
    ..\test-results\api-integration-API-Integr-d1e55-ndle-game-session-API-calls-Mobile-Chrome\test-failed-1.png
    ────────────────────────────────────────────────────────────────────────────────────────────────

    attachment #2: video (video/webm) ──────────────────────────────────────────────────────────────
    ..\test-results\api-integration-API-Integr-d1e55-ndle-game-session-API-calls-Mobile-Chrome\video.webm
    ────────────────────────────────────────────────────────────────────────────────────────────────

    Error Context: ..\test-results\api-integration-API-Integr-d1e55-ndle-game-session-API-calls-Mobile-Chrome\error-context.md
]]>
</failure>
<system-out>
<![CDATA[
[[ATTACHMENT|test-results\api-integration-API-Integr-d1e55-ndle-game-session-API-calls-Mobile-Chrome\test-failed-1.png]]

[[ATTACHMENT|test-results\api-integration-API-Integr-d1e55-ndle-game-session-API-calls-Mobile-Chrome\video.webm]]

[[ATTACHMENT|test-results\api-integration-API-Integr-d1e55-ndle-game-session-API-calls-Mobile-Chrome\error-context.md]]
]]>
</system-out>
</testcase>
<testcase name="API Integration › should handle game decision API calls" classname="api-integration.spec.js" time="33.75">
<failure message="api-integration.spec.js:134:7 should handle game decision API calls" type="FAILURE">
<![CDATA[  [Mobile Chrome] › api-integration.spec.js:134:7 › API Integration › should handle game decision API calls 

    TimeoutError: page.waitForSelector: Timeout 10000ms exceeded.
    Call log:
      - waiting for locator('.scenario-card') to be visible


      134 |   test('should handle game decision API calls', async ({ page }) => {
      135 |     await page.click('[data-page="scenarios"]');
    > 136 |     await page.waitForSelector('.scenario-card', { state: 'visible' });
          |                ^
      137 |
      138 |     // Start a game
      139 |     const firstScenario = page.locator('.scenario-card').first();
        at D:\AIDevelop\failureLogic\tests\e2e\api-integration.spec.js:136:16

    attachment #1: screenshot (image/png) ──────────────────────────────────────────────────────────
    ..\test-results\api-integration-API-Integr-0fe7e-dle-game-decision-API-calls-Mobile-Chrome\test-failed-1.png
    ────────────────────────────────────────────────────────────────────────────────────────────────

    attachment #2: video (video/webm) ──────────────────────────────────────────────────────────────
    ..\test-results\api-integration-API-Integr-0fe7e-dle-game-decision-API-calls-Mobile-Chrome\video.webm
    ────────────────────────────────────────────────────────────────────────────────────────────────

    Error Context: ..\test-results\api-integration-API-Integr-0fe7e-dle-game-decision-API-calls-Mobile-Chrome\error-context.md
]]>
</failure>
<system-out>
<![CDATA[
[...]

[[ATTACHMENT|test-results\scenarios-interaction-Scen-2f91f-d-handle-scenario-selection-Mobile-Chrome\error-context.md]]
]]>
</system-out>
</testcase>
<testcase name="Scenarios Interaction › should start game session correctly" classname="scenarios-interaction.spec.js" time="34.531">
<failure message="scenarios-interaction.spec.js:67:7 should start game session correctly" type="FAILURE">
<![CDATA[  [Mobile Chrome] › scenarios-interaction.spec.js:67:7 › Scenarios Interaction › should start game session correctly 

    TimeoutError: page.waitForSelector: Timeout 10000ms exceeded.
    Call log:
      - waiting for locator('.scenario-card') to be visible


      67 |   test('should start game session correctly', async ({ page }) => {
      68 |     await page.click('[data-page="scenarios"]');
    > 69 |     await page.waitForSelector('.scenario-card');
         |                ^
      70 |
      71 |     // Select coffee shop scenario
      72 |     const coffeeShopScenario = page.locator('.scenario-card:has-text("咖啡店")');
        at D:\AIDevelop\failureLogic\tests\e2e\scenarios-interaction.spec.js:69:16

    attachment #1: screenshot (image/png) ──────────────────────────────────────────────────────────
    ..\test-results\scenarios-interaction-Scen-10b79-tart-game-session-correctly-Mobile-Chrome\test-failed-1.png
    ────────────────────────────────────────────────────────────────────────────────────────────────

    attachment #2: video (video/webm) ──────────────────────────────────────────────────────────────
    ..\test-results\scenarios-interaction-Scen-10b79-tart-game-session-correctly-Mobile-Chrome\video.webm
    ────────────────────────────────────────────────────────────────────────────────────────────────

    Error Context: ..\test-results\scenarios-interaction-Scen-10b79-tart-game-session-correctly-Mobile-Chrome\error-context.md
]]>
</failure>
<system-out>
<![CDATA[
[[ATTACHMENT|test-results\scenarios-interaction-Scen-10b79-tart-game-session-correctly-Mobile-Chrome\test-failed-1.png]]

[[ATTACHMENT|test-results\scenarios-interaction-Scen-10b79-tart-game-session-correctly-Mobile-Chrome\video.webm]]

[[ATTACHMENT|test-results\scenarios-interaction-Scen-10b79-tart-game-session-correctly-Mobile-Chrome\error-context.md]]
]]>
</system-out>
</testcase>
<testcase name="Scenarios Interaction › should display game controls for each scenario" classname="scenarios-interaction.spec.js" time="33.096">
<failure message="scenarios-interaction.spec.js:85:7 should display game controls for each scenario" type="FAILURE">
<![CDATA[  [Mobile Chrome] › scenarios-interaction.spec.js:85:7 › Scenarios Interaction › should display game controls for each scenario 

    TimeoutError: page.waitForSelector: Timeout 10000ms exceeded.
    Call log:
      - waiting for locator('.scenario-card') to be visible


      85 |   test('should display game controls for each scenario', async ({ page }) => {
      86 |     await page.click('[data-page="scenarios"]');
    > 87 |     await page.waitForSelector('.scenario-card');
         |                ^
      88 |
      89 |     // Test coffee shop scenario
      90 |     const coffeeShopScenario = page.locator('.scenario-card:has-text("咖啡店")');
        at D:\AIDevelop\failureLogic\tests\e2e\scenarios-interaction.spec.js:87:16

    attachment #1: screenshot (image/png) ──────────────────────────────────────────────────────────
    ..\test-results\scenarios-interaction-Scen-b8e28--controls-for-each-scenario-Mobile-Chrome\test-failed-1.png
    ────────────────────────────────────────────────────────────────────────────────────────────────

    attachment #2: video (video/webm) ──────────────────────────────────────────────────────────────
    ..\test-results\scenarios-interaction-Scen-b8e28--controls-for-each-scenario-Mobile-Chrome\video.webm
    ────────────────────────────────────────────────────────────────────────────────────────────────

    Error Context: ..\test-results\scenarios-interaction-Scen-b8e28--controls-for-each-scenario-Mobile-Chrome\error-context.md
]]>
</failure>
<system-out>
<![CDATA[
[[ATTACHMENT|test-results\scenarios-interaction-Scen-b8e28--controls-for-each-scenario-Mobile-Chrome\test-failed-1.png]]

[[ATTACHMENT|test-results\scenarios-interaction-Scen-b8e28--controls-for-each-scenario-Mobile-Chrome\video.webm]]

[[ATTACHMENT|test-results\scenarios-interaction-Scen-b8e28--controls-for-each-scenario-Mobile-Chrome\error-context.md]]
]]>
</system-out>
</testcase>
<testcase name="Scenarios Interaction › should handle game decision submission" classname="scenarios-interaction.spec.js" time="33.575">
<failure message="scenarios-interaction.spec.js:110:7 should handle game decision submission" type="FAILURE">
<![CDATA[  [Mobile Chrome] › scenarios-interaction.spec.js:110:7 › Scenarios Interaction › should handle game decision submission 

    TimeoutError: page.waitForSelector: Timeout 10000ms exceeded.
    Call log:
      - waiting for locator('.scenario-card') to be visible


      110 |   test('should handle game decision submission', async ({ page }) => {
      111 |     await page.click('[data-page="scenarios"]');
    > 112 |     await page.waitForSelector('.scenario-card');
          |                ^
      113 |
      114 |     // Select coffee shop scenario
      115 |     const coffeeShopScenario = page.locator('.scenario-card:has-text("咖啡店")');
        at D:\AIDevelop\failureLogic\tests\e2e\scenarios-interaction.spec.js:112:16

    attachment #1: screenshot (image/png) ──────────────────────────────────────────────────────────
    ..\test-results\scenarios-interaction-Scen-38849-le-game-decision-submission-Mobile-Chrome\test-failed-1.png
    ────────────────────────────────────────────────────────────────────────────────────────────────

    attachment #2: video (video/webm) ──────────────────────────────────────────────────────────────
    ..\test-results\scenarios-interaction-Scen-38849-le-game-decision-submission-Mobile-Chrome\video.webm
    ────────────────────────────────────────────────────────────────────────────────────────────────

    Error Context: ..\test-results\scenarios-interaction-Scen-38849-le-game-decision-submission-Mobile-Chrome\error-context.md
]]>
</failure>
<system-out>
<![CDATA[
[[ATTACHMENT|test-results\scenarios-interaction-Scen-38849-le-game-decision-submission-Mobile-Chrome\test-failed-1.png]]

[[ATTACHMENT|test-results\scenarios-interaction-Scen-38849-le-game-decision-submission-Mobile-Chrome\video.webm]]

[[ATTACHMENT|test-results\scenarios-interaction-Scen-38849-le-game-decision-submission-Mobile-Chrome\error-context.md]]
]]>
</system-out>
</testcase>
<testcase name="Scenarios Interaction › should handle game modal interactions" classname="scenarios-interaction.spec.js" time="33.667">
<failure message="scenarios-interaction.spec.js:139:7 should handle game modal interactions" type="FAILURE">
<![CDATA[  [Mobile Chrome] › scenarios-interaction.spec.js:139:7 › Scenarios Interaction › should handle game modal interactions 

    TimeoutError: page.waitForSelector: Timeout 10000ms exceeded.
    Call log:
      - waiting for locator('.scenario-card') to be visible


      139 |   test('should handle game modal interactions', async ({ page }) => {
      140 |     await page.click('[data-page="scenarios"]');
    > 141 |     await page.waitForSelector('.scenario-card');
          |                ^
      142 |
      143 |     // Open game modal
      144 |     const firstScenario = page.locator('.scenario-card').first();
        at D:\AIDevelop\failureLogic\tests\e2e\scenarios-interaction.spec.js:141:16

    attachment #1: screenshot (image/png) ──────────────────────────────────────────────────────────
    ..\test-results\scenarios-interaction-Scen-438c1-dle-game-modal-interactions-Mobile-Chrome\test-failed-1.png
    ────────────────────────────────────────────────────────────────────────────────────────────────

    attachment #2: video (video/webm) ──────────────────────────────────────────────────────────────
    ..\test-results\scenarios-interaction-Scen-438c1-dle-game-modal-interactions-Mobile-Chrome\video.webm
    ────────────────────────────────────────────────────────────────────────────────────────────────

    Error Context: ..\test-results\scenarios-interaction-Scen-438c1-dle-game-modal-interactions-Mobile-Chrome\error-context.md
]]>
</failure>
<system-out>
<![CDATA[
[[ATTACHMENT|test-results\scenarios-interaction-Scen-438c1-dle-game-modal-interactions-Mobile-Chrome\test-failed-1.png]]

[[ATTACHMENT|test-results\scenarios-interaction-Scen-438c1-dle-game-modal-interactions-Mobile-Chrome\video.webm]]

[[ATTACHMENT|test-results\scenarios-interaction-Scen-438c1-dle-game-modal-interactions-Mobile-Chrome\error-context.md]]
]]>
</system-out>
</testcase>
<testcase name="Scenarios Interaction › should display appropriate loading states" classname="scenarios-interaction.spec.js" time="30.136">
<failure message="scenarios-interaction.spec.js:162:7 should display appropriate loading states" type="FAILURE">
<![CDATA[  [Mobile Chrome] › scenarios-interaction.spec.js:162:7 › Scenarios Interaction › should display appropriate loading states 

    Error: expect(locator).toContainText(expected) failed

    Locator: locator('.loading')
    Expected substring: "加载场景中"
    Timeout: 5000ms
    Error: element(s) not found

    Call log:
      - Expect "toContainText" with timeout 5000ms
      - waiting for locator('.loading')


      164 |
      165 |     // Should show loading state initially
    > 166 |     await expect(page.locator('.loading')).toContainText('加载场景中');
          |                                            ^
      167 |
      168 |     // Should replace loading with content
      169 |     await page.waitForSelector('.scenario-card', { state: 'visible' });
        at D:\AIDevelop\failureLogic\tests\e2e\scenarios-interaction.spec.js:166:44

    attachment #1: screenshot (image/png) ──────────────────────────────────────────────────────────
    ..\test-results\scenarios-interaction-Scen-db36e--appropriate-loading-states-Mobile-Chrome\test-failed-1.png
    ────────────────────────────────────────────────────────────────────────────────────────────────

    attachment #2: video (video/webm) ──────────────────────────────────────────────────────────────
    ..\test-results\scenarios-interaction-Scen-db36e--appropriate-loading-states-Mobile-Chrome\video.webm
    ────────────────────────────────────────────────────────────────────────────────────────────────

    Error Context: ..\test-results\scenarios-interaction-Scen-db36e--appropriate-loading-states-Mobile-Chrome\error-context.md
]]>
</failure>
<system-out>
<![CDATA[
[[ATTACHMENT|test-results\scenarios-interaction-Scen-db36e--appropriate-loading-states-Mobile-Chrome\test-failed-1.png]]

[[ATTACHMENT|test-results\scenarios-interaction-Scen-db36e--appropriate-loading-states-Mobile-Chrome\video.webm]]

[[ATTACHMENT|test-results\scenarios-interaction-Scen-db36e--appropriate-loading-states-Mobile-Chrome\error-context.md]]
]]>
</system-out>
</testcase>
<testcase name="Scenarios Interaction › should handle API errors gracefully" classname="scenarios-interaction.spec.js" time="33.401">
<failure message="scenarios-interaction.spec.js:173:7 should handle API errors gracefully" type="FAILURE">
<![CDATA[  [Mobile Chrome] › scenarios-interaction.spec.js:173:7 › Scenarios Interaction › should handle API errors gracefully 

    Error: expect(locator).toBeVisible() failed

    Locator:  locator('#scenarios-page')
    Expected: visible
    Received: hidden
    Timeout:  5000ms

    Call log:
      - Expect "toBeVisible" with timeout 5000ms
      - waiting for locator('#scenarios-page')
        9 × locator resolved to <div class="page" id="scenarios-page">…</div>
          - unexpected value "hidden"


      184 |
      185 |     // Should show error message or fallback content
    > 186 |     await expect(page.locator('#scenarios-page')).toBeVisible();
          |                                                   ^
      187 |   });
      188 |
      189 |   test('should track game session state', async ({ page }) => {
        at D:\AIDevelop\failureLogic\tests\e2e\scenarios-interaction.spec.js:186:51

    attachment #1: screenshot (image/png) ──────────────────────────────────────────────────────────
    ..\test-results\scenarios-interaction-Scen-d0e5c-andle-API-errors-gracefully-Mobile-Chrome\test-failed-1.png
    ────────────────────────────────────────────────────────────────────────────────────────────────

    attachment #2: video (video/webm) ──────────────────────────────────────────────────────────────
    ..\test-results\scenarios-interaction-Scen-d0e5c-andle-API-errors-gracefully-Mobile-Chrome\video.webm
    ────────────────────────────────────────────────────────────────────────────────────────────────

    Error Context: ..\test-results\scenarios-interaction-Scen-d0e5c-andle-API-errors-gracefully-Mobile-Chrome\error-context.md
]]>
</failure>
<system-out>
<![CDATA[
[[ATTACHMENT|test-results\scenarios-interaction-Scen-d0e5c-andle-API-errors-gracefully-Mobile-Chrome\test-failed-1.png]]

[[ATTACHMENT|test-results\scenarios-interaction-Scen-d0e5c-andle-API-errors-gracefully-Mobile-Chrome\video.webm]]

[[ATTACHMENT|test-results\scenarios-interaction-Scen-d0e5c-andle-API-errors-gracefully-Mobile-Chrome\error-context.md]]
]]>
</system-out>
</testcase>
<testcase name="Scenarios Interaction › should track game session state" classname="scenarios-interaction.spec.js" time="32.988">
<failure message="scenarios-interaction.spec.js:189:7 should track game session state" type="FAILURE">
<![CDATA[  [Mobile Chrome] › scenarios-interaction.spec.js:189:7 › Scenarios Interaction › should track game session state 

    TimeoutError: page.waitForSelector: Timeout 10000ms exceeded.
    Call log:
      - waiting for locator('.scenario-card') to be visible


      189 |   test('should track game session state', async ({ page }) => {
      190 |     await page.click('[data-page="scenarios"]');
    > 191 |     await page.waitForSelector('.scenario-card');
          |                ^
      192 |
      193 |     // Select and start scenario
      194 |     const firstScenario = page.locator('.scenario-card').first();
        at D:\AIDevelop\failureLogic\tests\e2e\scenarios-interaction.spec.js:191:16

    attachment #1: screenshot (image/png) ──────────────────────────────────────────────────────────
    ..\test-results\scenarios-interaction-Scen-73920-ld-track-game-session-state-Mobile-Chrome\test-failed-1.png
    ────────────────────────────────────────────────────────────────────────────────────────────────

    attachment #2: video (video/webm) ──────────────────────────────────────────────────────────────
    ..\test-results\scenarios-interaction-Scen-73920-ld-track-game-session-state-Mobile-Chrome\video.webm
    ────────────────────────────────────────────────────────────────────────────────────────────────

    Error Context: ..\test-results\scenarios-interaction-Scen-73920-ld-track-game-session-state-Mobile-Chrome\error-context.md
]]>
</failure>
<system-out>
<![CDATA[
[[ATTACHMENT|test-results\scenarios-interaction-Scen-73920-ld-track-game-session-state-Mobile-Chrome\test-failed-1.png]]

[[ATTACHMENT|test-results\scenarios-interaction-Scen-73920-ld-track-game-session-state-Mobile-Chrome\video.webm]]

[[ATTACHMENT|test-results\scenarios-interaction-Scen-73920-ld-track-game-session-state-Mobile-Chrome\error-context.md]]
]]>
</system-out>
</testcase>
<testcase name="Scenarios Interaction › should provide game feedback and analysis" classname="scenarios-interaction.spec.js" time="33.77">
<failure message="scenarios-interaction.spec.js:209:7 should provide game feedback and analysis" type="FAILURE">
<![CDATA[  [Mobile Chrome] › scenarios-interaction.spec.js:209:7 › Scenarios Interaction › should provide game feedback and analysis 

    TimeoutError: page.waitForSelector: Timeout 10000ms exceeded.
    Call log:
      - waiting for locator('.scenario-card') to be visible


      209 |   test('should provide game feedback and analysis', async ({ page }) => {
      210 |     await page.click('[data-page="scenarios"]');
    > 211 |     await page.waitForSelector('.scenario-card');
          |                ^
      212 |
      213 |     // Start coffee shop scenario
      214 |     const coffeeShopScenario = page.locator('.scenario-card:has-text("咖啡店")');
        at D:\AIDevelop\failureLogic\tests\e2e\scenarios-interaction.spec.js:211:16

    attachment #1: screenshot (image/png) ──────────────────────────────────────────────────────────
    ..\test-results\scenarios-interaction-Scen-48c9e--game-feedback-and-analysis-Mobile-Chrome\test-failed-1.png
    ────────────────────────────────────────────────────────────────────────────────────────────────

    attachment #2: video (video/webm) ──────────────────────────────────────────────────────────────
    ..\test-results\scenarios-interaction-Scen-48c9e--game-feedback-and-analysis-Mobile-Chrome\video.webm
    ────────────────────────────────────────────────────────────────────────────────────────────────

    Error Context: ..\test-results\scenarios-interaction-Scen-48c9e--game-feedback-and-analysis-Mobile-Chrome\error-context.md
]]>
</failure>
<system-out>
<![CDATA[
[[ATTACHMENT|test-results\scenarios-interaction-Scen-48c9e--game-feedback-and-analysis-Mobile-Chrome\test-failed-1.png]]

[[ATTACHMENT|test-results\scenarios-interaction-Scen-48c9e--game-feedback-and-analysis-Mobile-Chrome\video.webm]]

[[ATTACHMENT|test-results\scenarios-interaction-Scen-48c9e--game-feedback-and-analysis-Mobile-Chrome\error-context.md]]
]]>
</system-out>
</testcase>
<testcase name="Scenarios Interaction › should maintain responsive design during game" classname="scenarios-interaction.spec.js" time="33.687">
<failure message="scenarios-interaction.spec.js:235:7 should maintain responsive design during game" type="FAILURE">
<![CDATA[  [Mobile Chrome] › scenarios-interaction.spec.js:235:7 › Scenarios Interaction › should maintain responsive design during game 

    TimeoutError: page.waitForSelector: Timeout 10000ms exceeded.
    Call log:
      - waiting for locator('.scenario-card') to be visible


      235 |   test('should maintain responsive design during game', async ({ page }) => {
      236 |     await page.click('[data-page="scenarios"]');
    > 237 |     await page.waitForSelector('.scenario-card');
          |                ^
      238 |
      239 |     // Test on desktop
      240 |     await page.setViewportSize({ width: 1200, height: 800 });
        at D:\AIDevelop\failureLogic\tests\e2e\scenarios-interaction.spec.js:237:16

    attachment #1: screenshot (image/png) ──────────────────────────────────────────────────────────
    ..\test-results\scenarios-interaction-Scen-ef1be-sponsive-design-during-game-Mobile-Chrome\test-failed-1.png
    ────────────────────────────────────────────────────────────────────────────────────────────────

    attachment #2: video (video/webm) ──────────────────────────────────────────────────────────────
    ..\test-results\scenarios-interaction-Scen-ef1be-sponsive-design-during-game-Mobile-Chrome\video.webm
    ────────────────────────────────────────────────────────────────────────────────────────────────

    Error Context: ..\test-results\scenarios-interaction-Scen-ef1be-sponsive-design-during-game-Mobile-Chrome\error-context.md
]]>
</failure>
<system-out>
<![CDATA[
[[ATTACHMENT|test-results\scenarios-interaction-Scen-ef1be-sponsive-design-during-game-Mobile-Chrome\test-failed-1.png]]

[[ATTACHMENT|test-results\scenarios-interaction-Scen-ef1be-sponsive-design-during-game-Mobile-Chrome\video.webm]]

[[ATTACHMENT|test-results\scenarios-interaction-Scen-ef1be-sponsive-design-during-game-Mobile-Chrome\error-context.md]]
]]>
</system-out>
</testcase>
</testsuite>
</testsuites>